[ 2025-11-17 20:41:04,134 ] 22 root - INFO - Creating tables (if not already present)...
[ 2025-11-17 20:41:06,569 ] 1899 sqlalchemy.engine.Engine - INFO - select pg_catalog.version()
[ 2025-11-17 20:41:06,570 ] 1904 sqlalchemy.engine.Engine - INFO - [raw sql] {}
[ 2025-11-17 20:41:07,099 ] 1899 sqlalchemy.engine.Engine - INFO - select current_schema()
[ 2025-11-17 20:41:07,100 ] 1904 sqlalchemy.engine.Engine - INFO - [raw sql] {}
[ 2025-11-17 20:41:07,532 ] 1899 sqlalchemy.engine.Engine - INFO - show standard_conforming_strings
[ 2025-11-17 20:41:07,533 ] 1904 sqlalchemy.engine.Engine - INFO - [raw sql] {}
[ 2025-11-17 20:41:08,003 ] 1094 sqlalchemy.engine.Engine - INFO - BEGIN (implicit)
[ 2025-11-17 20:41:08,009 ] 1899 sqlalchemy.engine.Engine - INFO - SELECT pg_catalog.pg_class.relname 
FROM pg_catalog.pg_class JOIN pg_catalog.pg_namespace ON pg_catalog.pg_namespace.oid = pg_catalog.pg_class.relnamespace 
WHERE pg_catalog.pg_class.relname = %(table_name)s AND pg_catalog.pg_class.relkind = ANY (ARRAY[%(param_1)s, %(param_2)s, %(param_3)s, %(param_4)s, %(param_5)s]) AND pg_catalog.pg_table_is_visible(pg_catalog.pg_class.oid) AND pg_catalog.pg_namespace.nspname != %(nspname_1)s
[ 2025-11-17 20:41:08,011 ] 1904 sqlalchemy.engine.Engine - INFO - [generated in 0.00146s] {'table_name': 'Github_table', 'param_1': 'r', 'param_2': 'p', 'param_3': 'f', 'param_4': 'v', 'param_5': 'm', 'nspname_1': 'pg_catalog'}
[ 2025-11-17 20:41:08,480 ] 1899 sqlalchemy.engine.Engine - INFO - SELECT pg_catalog.pg_type.typname 
FROM pg_catalog.pg_type JOIN pg_catalog.pg_namespace ON pg_catalog.pg_namespace.oid = pg_catalog.pg_type.typnamespace 
WHERE pg_catalog.pg_type.typname = %(typname_1)s AND pg_catalog.pg_type_is_visible(pg_catalog.pg_type.oid) AND pg_catalog.pg_namespace.nspname != %(nspname_1)s
[ 2025-11-17 20:41:08,481 ] 1904 sqlalchemy.engine.Engine - INFO - [generated in 0.00100s] {'typname_1': 'status_enum', 'nspname_1': 'pg_catalog'}
[ 2025-11-17 20:41:08,739 ] 1143 sqlalchemy.engine.Engine - INFO - COMMIT
[ 2025-11-17 20:41:08,957 ] 24 root - INFO - Tables created successfully.
[ 2025-11-17 20:46:11,558 ] 1094 sqlalchemy.engine.Engine - INFO - BEGIN (implicit)
[ 2025-11-17 20:46:11,563 ] 1899 sqlalchemy.engine.Engine - INFO - INSERT INTO "Github_table" (task_id, status, result) VALUES (%(task_id)s, %(status)s, %(result)s) RETURNING "Github_table".id
[ 2025-11-17 20:46:11,565 ] 1904 sqlalchemy.engine.Engine - INFO - [generated in 0.00215s] {'task_id': '373e07f5-f4fc-4d14-8111-26847314eb66', 'status': 'pending', 'result': None}
[ 2025-11-17 20:46:12,089 ] 1143 sqlalchemy.engine.Engine - INFO - COMMIT
[ 2025-11-17 20:46:12,320 ] 1094 sqlalchemy.engine.Engine - INFO - BEGIN (implicit)
[ 2025-11-17 20:46:12,324 ] 1899 sqlalchemy.engine.Engine - INFO - SELECT "Github_table".id, "Github_table".task_id, "Github_table".status, "Github_table".result 
FROM "Github_table" 
WHERE "Github_table".id = %(pk_1)s
[ 2025-11-17 20:46:12,325 ] 1904 sqlalchemy.engine.Engine - INFO - [generated in 0.00117s] {'pk_1': 6}
[ 2025-11-17 20:46:12,794 ] 23 root - INFO - Task created with ID: 373e07f5-f4fc-4d14-8111-26847314eb66
[ 2025-11-17 20:46:12,800 ] 1126 sqlalchemy.engine.Engine - INFO - ROLLBACK
[ 2025-11-17 20:46:14,146 ] 1094 sqlalchemy.engine.Engine - INFO - BEGIN (implicit)
[ 2025-11-17 20:46:14,150 ] 1899 sqlalchemy.engine.Engine - INFO - SELECT "Github_table".id AS "Github_table_id", "Github_table".task_id AS "Github_table_task_id", "Github_table".status AS "Github_table_status", "Github_table".result AS "Github_table_result" 
FROM "Github_table" 
WHERE "Github_table".task_id = %(task_id_1)s 
 LIMIT %(param_1)s
[ 2025-11-17 20:46:14,152 ] 1904 sqlalchemy.engine.Engine - INFO - [generated in 0.00218s] {'task_id_1': '373e07f5-f4fc-4d14-8111-26847314eb66', 'param_1': 1}
[ 2025-11-17 20:46:14,603 ] 67 root - INFO - Task retrieved with ID: 373e07f5-f4fc-4d14-8111-26847314eb66
[ 2025-11-17 20:46:14,608 ] 1126 sqlalchemy.engine.Engine - INFO - ROLLBACK
[ 2025-11-17 20:46:18,088 ] 1094 sqlalchemy.engine.Engine - INFO - BEGIN (implicit)
[ 2025-11-17 20:46:18,090 ] 1899 sqlalchemy.engine.Engine - INFO - SELECT "Github_table".id AS "Github_table_id", "Github_table".task_id AS "Github_table_task_id", "Github_table".status AS "Github_table_status", "Github_table".result AS "Github_table_result" 
FROM "Github_table" 
WHERE "Github_table".task_id = %(task_id_1)s 
 LIMIT %(param_1)s
[ 2025-11-17 20:46:18,091 ] 1904 sqlalchemy.engine.Engine - INFO - [cached since 3.942s ago] {'task_id_1': '373e07f5-f4fc-4d14-8111-26847314eb66', 'param_1': 1}
[ 2025-11-17 20:46:18,568 ] 67 root - INFO - Task retrieved with ID: 373e07f5-f4fc-4d14-8111-26847314eb66
[ 2025-11-17 20:46:18,570 ] 1126 sqlalchemy.engine.Engine - INFO - ROLLBACK
[ 2025-11-17 20:46:21,883 ] 1094 sqlalchemy.engine.Engine - INFO - BEGIN (implicit)
[ 2025-11-17 20:46:21,884 ] 1899 sqlalchemy.engine.Engine - INFO - SELECT "Github_table".id AS "Github_table_id", "Github_table".task_id AS "Github_table_task_id", "Github_table".status AS "Github_table_status", "Github_table".result AS "Github_table_result" 
FROM "Github_table" 
WHERE "Github_table".task_id = %(task_id_1)s 
 LIMIT %(param_1)s
[ 2025-11-17 20:46:21,886 ] 1904 sqlalchemy.engine.Engine - INFO - [cached since 7.737s ago] {'task_id_1': '373e07f5-f4fc-4d14-8111-26847314eb66', 'param_1': 1}
[ 2025-11-17 20:46:22,371 ] 67 root - INFO - Task retrieved with ID: 373e07f5-f4fc-4d14-8111-26847314eb66
[ 2025-11-17 20:46:22,374 ] 1126 sqlalchemy.engine.Engine - INFO - ROLLBACK
[ 2025-11-17 20:46:25,755 ] 1094 sqlalchemy.engine.Engine - INFO - BEGIN (implicit)
[ 2025-11-17 20:46:25,756 ] 1899 sqlalchemy.engine.Engine - INFO - SELECT "Github_table".id AS "Github_table_id", "Github_table".task_id AS "Github_table_task_id", "Github_table".status AS "Github_table_status", "Github_table".result AS "Github_table_result" 
FROM "Github_table" 
WHERE "Github_table".task_id = %(task_id_1)s 
 LIMIT %(param_1)s
[ 2025-11-17 20:46:25,757 ] 1904 sqlalchemy.engine.Engine - INFO - [cached since 11.61s ago] {'task_id_1': '373e07f5-f4fc-4d14-8111-26847314eb66', 'param_1': 1}
[ 2025-11-17 20:46:26,258 ] 67 root - INFO - Task retrieved with ID: 373e07f5-f4fc-4d14-8111-26847314eb66
[ 2025-11-17 20:46:26,260 ] 1126 sqlalchemy.engine.Engine - INFO - ROLLBACK
[ 2025-11-17 20:46:29,438 ] 1094 sqlalchemy.engine.Engine - INFO - BEGIN (implicit)
[ 2025-11-17 20:46:29,441 ] 1899 sqlalchemy.engine.Engine - INFO - SELECT "Github_table".id AS "Github_table_id", "Github_table".task_id AS "Github_table_task_id", "Github_table".status AS "Github_table_status", "Github_table".result AS "Github_table_result" 
FROM "Github_table" 
WHERE "Github_table".task_id = %(task_id_1)s 
 LIMIT %(param_1)s
[ 2025-11-17 20:46:29,442 ] 1904 sqlalchemy.engine.Engine - INFO - [cached since 15.29s ago] {'task_id_1': '373e07f5-f4fc-4d14-8111-26847314eb66', 'param_1': 1}
[ 2025-11-17 20:46:29,997 ] 67 root - INFO - Task retrieved with ID: 373e07f5-f4fc-4d14-8111-26847314eb66
[ 2025-11-17 20:46:29,999 ] 1126 sqlalchemy.engine.Engine - INFO - ROLLBACK
[ 2025-11-17 20:46:33,488 ] 1094 sqlalchemy.engine.Engine - INFO - BEGIN (implicit)
[ 2025-11-17 20:46:33,492 ] 1899 sqlalchemy.engine.Engine - INFO - SELECT "Github_table".id AS "Github_table_id", "Github_table".task_id AS "Github_table_task_id", "Github_table".status AS "Github_table_status", "Github_table".result AS "Github_table_result" 
FROM "Github_table" 
WHERE "Github_table".task_id = %(task_id_1)s 
 LIMIT %(param_1)s
[ 2025-11-17 20:46:33,493 ] 1904 sqlalchemy.engine.Engine - INFO - [cached since 19.34s ago] {'task_id_1': '373e07f5-f4fc-4d14-8111-26847314eb66', 'param_1': 1}
[ 2025-11-17 20:46:34,003 ] 67 root - INFO - Task retrieved with ID: 373e07f5-f4fc-4d14-8111-26847314eb66
[ 2025-11-17 20:46:34,005 ] 1126 sqlalchemy.engine.Engine - INFO - ROLLBACK
[ 2025-11-17 20:46:37,426 ] 1094 sqlalchemy.engine.Engine - INFO - BEGIN (implicit)
[ 2025-11-17 20:46:37,427 ] 1899 sqlalchemy.engine.Engine - INFO - SELECT "Github_table".id AS "Github_table_id", "Github_table".task_id AS "Github_table_task_id", "Github_table".status AS "Github_table_status", "Github_table".result AS "Github_table_result" 
FROM "Github_table" 
WHERE "Github_table".task_id = %(task_id_1)s 
 LIMIT %(param_1)s
[ 2025-11-17 20:46:37,428 ] 1904 sqlalchemy.engine.Engine - INFO - [cached since 23.28s ago] {'task_id_1': '373e07f5-f4fc-4d14-8111-26847314eb66', 'param_1': 1}
[ 2025-11-17 20:46:37,850 ] 67 root - INFO - Task retrieved with ID: 373e07f5-f4fc-4d14-8111-26847314eb66
[ 2025-11-17 20:46:37,852 ] 1126 sqlalchemy.engine.Engine - INFO - ROLLBACK
[ 2025-11-17 20:46:41,577 ] 1094 sqlalchemy.engine.Engine - INFO - BEGIN (implicit)
[ 2025-11-17 20:46:41,578 ] 1899 sqlalchemy.engine.Engine - INFO - SELECT "Github_table".id AS "Github_table_id", "Github_table".task_id AS "Github_table_task_id", "Github_table".status AS "Github_table_status", "Github_table".result AS "Github_table_result" 
FROM "Github_table" 
WHERE "Github_table".task_id = %(task_id_1)s 
 LIMIT %(param_1)s
[ 2025-11-17 20:46:41,579 ] 1904 sqlalchemy.engine.Engine - INFO - [cached since 27.43s ago] {'task_id_1': '373e07f5-f4fc-4d14-8111-26847314eb66', 'param_1': 1}
[ 2025-11-17 20:46:42,044 ] 67 root - INFO - Task retrieved with ID: 373e07f5-f4fc-4d14-8111-26847314eb66
[ 2025-11-17 20:46:42,046 ] 1126 sqlalchemy.engine.Engine - INFO - ROLLBACK
[ 2025-11-17 20:46:45,697 ] 1094 sqlalchemy.engine.Engine - INFO - BEGIN (implicit)
[ 2025-11-17 20:46:45,698 ] 1899 sqlalchemy.engine.Engine - INFO - SELECT "Github_table".id AS "Github_table_id", "Github_table".task_id AS "Github_table_task_id", "Github_table".status AS "Github_table_status", "Github_table".result AS "Github_table_result" 
FROM "Github_table" 
WHERE "Github_table".task_id = %(task_id_1)s 
 LIMIT %(param_1)s
[ 2025-11-17 20:46:45,699 ] 1904 sqlalchemy.engine.Engine - INFO - [cached since 31.55s ago] {'task_id_1': '373e07f5-f4fc-4d14-8111-26847314eb66', 'param_1': 1}
[ 2025-11-17 20:46:46,559 ] 67 root - INFO - Task retrieved with ID: 373e07f5-f4fc-4d14-8111-26847314eb66
[ 2025-11-17 20:46:46,561 ] 1126 sqlalchemy.engine.Engine - INFO - ROLLBACK
[ 2025-11-17 20:46:50,715 ] 1094 sqlalchemy.engine.Engine - INFO - BEGIN (implicit)
[ 2025-11-17 20:46:50,717 ] 1899 sqlalchemy.engine.Engine - INFO - SELECT "Github_table".id AS "Github_table_id", "Github_table".task_id AS "Github_table_task_id", "Github_table".status AS "Github_table_status", "Github_table".result AS "Github_table_result" 
FROM "Github_table" 
WHERE "Github_table".task_id = %(task_id_1)s 
 LIMIT %(param_1)s
[ 2025-11-17 20:46:50,717 ] 1904 sqlalchemy.engine.Engine - INFO - [cached since 36.57s ago] {'task_id_1': '373e07f5-f4fc-4d14-8111-26847314eb66', 'param_1': 1}
[ 2025-11-17 20:46:51,256 ] 67 root - INFO - Task retrieved with ID: 373e07f5-f4fc-4d14-8111-26847314eb66
[ 2025-11-17 20:46:51,261 ] 1126 sqlalchemy.engine.Engine - INFO - ROLLBACK
[ 2025-11-17 20:46:54,945 ] 1094 sqlalchemy.engine.Engine - INFO - BEGIN (implicit)
[ 2025-11-17 20:46:54,946 ] 1899 sqlalchemy.engine.Engine - INFO - SELECT "Github_table".id AS "Github_table_id", "Github_table".task_id AS "Github_table_task_id", "Github_table".status AS "Github_table_status", "Github_table".result AS "Github_table_result" 
FROM "Github_table" 
WHERE "Github_table".task_id = %(task_id_1)s 
 LIMIT %(param_1)s
[ 2025-11-17 20:46:54,947 ] 1904 sqlalchemy.engine.Engine - INFO - [cached since 40.8s ago] {'task_id_1': '373e07f5-f4fc-4d14-8111-26847314eb66', 'param_1': 1}
[ 2025-11-17 20:46:55,441 ] 67 root - INFO - Task retrieved with ID: 373e07f5-f4fc-4d14-8111-26847314eb66
[ 2025-11-17 20:46:55,443 ] 1126 sqlalchemy.engine.Engine - INFO - ROLLBACK
[ 2025-11-17 20:46:58,740 ] 1094 sqlalchemy.engine.Engine - INFO - BEGIN (implicit)
[ 2025-11-17 20:46:58,742 ] 1899 sqlalchemy.engine.Engine - INFO - SELECT "Github_table".id AS "Github_table_id", "Github_table".task_id AS "Github_table_task_id", "Github_table".status AS "Github_table_status", "Github_table".result AS "Github_table_result" 
FROM "Github_table" 
WHERE "Github_table".task_id = %(task_id_1)s 
 LIMIT %(param_1)s
[ 2025-11-17 20:46:58,743 ] 1904 sqlalchemy.engine.Engine - INFO - [cached since 44.59s ago] {'task_id_1': '373e07f5-f4fc-4d14-8111-26847314eb66', 'param_1': 1}
[ 2025-11-17 20:46:59,760 ] 67 root - INFO - Task retrieved with ID: 373e07f5-f4fc-4d14-8111-26847314eb66
[ 2025-11-17 20:46:59,762 ] 1126 sqlalchemy.engine.Engine - INFO - ROLLBACK
[ 2025-11-17 20:47:02,992 ] 1094 sqlalchemy.engine.Engine - INFO - BEGIN (implicit)
[ 2025-11-17 20:47:02,993 ] 1899 sqlalchemy.engine.Engine - INFO - SELECT "Github_table".id AS "Github_table_id", "Github_table".task_id AS "Github_table_task_id", "Github_table".status AS "Github_table_status", "Github_table".result AS "Github_table_result" 
FROM "Github_table" 
WHERE "Github_table".task_id = %(task_id_1)s 
 LIMIT %(param_1)s
[ 2025-11-17 20:47:02,994 ] 1904 sqlalchemy.engine.Engine - INFO - [cached since 48.85s ago] {'task_id_1': '373e07f5-f4fc-4d14-8111-26847314eb66', 'param_1': 1}
[ 2025-11-17 20:47:03,472 ] 67 root - INFO - Task retrieved with ID: 373e07f5-f4fc-4d14-8111-26847314eb66
[ 2025-11-17 20:47:03,475 ] 1126 sqlalchemy.engine.Engine - INFO - ROLLBACK
[ 2025-11-17 20:47:06,758 ] 1094 sqlalchemy.engine.Engine - INFO - BEGIN (implicit)
[ 2025-11-17 20:47:06,759 ] 1899 sqlalchemy.engine.Engine - INFO - SELECT "Github_table".id AS "Github_table_id", "Github_table".task_id AS "Github_table_task_id", "Github_table".status AS "Github_table_status", "Github_table".result AS "Github_table_result" 
FROM "Github_table" 
WHERE "Github_table".task_id = %(task_id_1)s 
 LIMIT %(param_1)s
[ 2025-11-17 20:47:06,760 ] 1904 sqlalchemy.engine.Engine - INFO - [cached since 52.61s ago] {'task_id_1': '373e07f5-f4fc-4d14-8111-26847314eb66', 'param_1': 1}
[ 2025-11-17 20:47:07,310 ] 67 root - INFO - Task retrieved with ID: 373e07f5-f4fc-4d14-8111-26847314eb66
[ 2025-11-17 20:47:07,314 ] 1126 sqlalchemy.engine.Engine - INFO - ROLLBACK
[ 2025-11-17 20:47:10,944 ] 1094 sqlalchemy.engine.Engine - INFO - BEGIN (implicit)
[ 2025-11-17 20:47:10,948 ] 1899 sqlalchemy.engine.Engine - INFO - SELECT "Github_table".id AS "Github_table_id", "Github_table".task_id AS "Github_table_task_id", "Github_table".status AS "Github_table_status", "Github_table".result AS "Github_table_result" 
FROM "Github_table" 
WHERE "Github_table".task_id = %(task_id_1)s 
 LIMIT %(param_1)s
[ 2025-11-17 20:47:10,952 ] 1904 sqlalchemy.engine.Engine - INFO - [cached since 56.8s ago] {'task_id_1': '373e07f5-f4fc-4d14-8111-26847314eb66', 'param_1': 1}
[ 2025-11-17 20:47:11,581 ] 67 root - INFO - Task retrieved with ID: 373e07f5-f4fc-4d14-8111-26847314eb66
[ 2025-11-17 20:47:11,584 ] 1126 sqlalchemy.engine.Engine - INFO - ROLLBACK
[ 2025-11-17 20:47:14,828 ] 1094 sqlalchemy.engine.Engine - INFO - BEGIN (implicit)
[ 2025-11-17 20:47:14,829 ] 1899 sqlalchemy.engine.Engine - INFO - SELECT "Github_table".id AS "Github_table_id", "Github_table".task_id AS "Github_table_task_id", "Github_table".status AS "Github_table_status", "Github_table".result AS "Github_table_result" 
FROM "Github_table" 
WHERE "Github_table".task_id = %(task_id_1)s 
 LIMIT %(param_1)s
[ 2025-11-17 20:47:14,830 ] 1904 sqlalchemy.engine.Engine - INFO - [cached since 60.68s ago] {'task_id_1': '373e07f5-f4fc-4d14-8111-26847314eb66', 'param_1': 1}
[ 2025-11-17 20:47:15,337 ] 67 root - INFO - Task retrieved with ID: 373e07f5-f4fc-4d14-8111-26847314eb66
[ 2025-11-17 20:47:15,342 ] 1126 sqlalchemy.engine.Engine - INFO - ROLLBACK
[ 2025-11-17 20:47:18,654 ] 1094 sqlalchemy.engine.Engine - INFO - BEGIN (implicit)
[ 2025-11-17 20:47:18,656 ] 1899 sqlalchemy.engine.Engine - INFO - SELECT "Github_table".id AS "Github_table_id", "Github_table".task_id AS "Github_table_task_id", "Github_table".status AS "Github_table_status", "Github_table".result AS "Github_table_result" 
FROM "Github_table" 
WHERE "Github_table".task_id = %(task_id_1)s 
 LIMIT %(param_1)s
[ 2025-11-17 20:47:18,658 ] 1904 sqlalchemy.engine.Engine - INFO - [cached since 64.51s ago] {'task_id_1': '373e07f5-f4fc-4d14-8111-26847314eb66', 'param_1': 1}
[ 2025-11-17 20:47:19,094 ] 67 root - INFO - Task retrieved with ID: 373e07f5-f4fc-4d14-8111-26847314eb66
[ 2025-11-17 20:47:19,096 ] 1126 sqlalchemy.engine.Engine - INFO - ROLLBACK
[ 2025-11-17 20:47:22,491 ] 1094 sqlalchemy.engine.Engine - INFO - BEGIN (implicit)
[ 2025-11-17 20:47:22,492 ] 1899 sqlalchemy.engine.Engine - INFO - SELECT "Github_table".id AS "Github_table_id", "Github_table".task_id AS "Github_table_task_id", "Github_table".status AS "Github_table_status", "Github_table".result AS "Github_table_result" 
FROM "Github_table" 
WHERE "Github_table".task_id = %(task_id_1)s 
 LIMIT %(param_1)s
[ 2025-11-17 20:47:22,493 ] 1904 sqlalchemy.engine.Engine - INFO - [cached since 68.35s ago] {'task_id_1': '373e07f5-f4fc-4d14-8111-26847314eb66', 'param_1': 1}
[ 2025-11-17 20:47:23,015 ] 67 root - INFO - Task retrieved with ID: 373e07f5-f4fc-4d14-8111-26847314eb66
[ 2025-11-17 20:47:23,020 ] 1126 sqlalchemy.engine.Engine - INFO - ROLLBACK
[ 2025-11-17 20:47:26,306 ] 1094 sqlalchemy.engine.Engine - INFO - BEGIN (implicit)
[ 2025-11-17 20:47:26,307 ] 1899 sqlalchemy.engine.Engine - INFO - SELECT "Github_table".id AS "Github_table_id", "Github_table".task_id AS "Github_table_task_id", "Github_table".status AS "Github_table_status", "Github_table".result AS "Github_table_result" 
FROM "Github_table" 
WHERE "Github_table".task_id = %(task_id_1)s 
 LIMIT %(param_1)s
[ 2025-11-17 20:47:26,309 ] 1904 sqlalchemy.engine.Engine - INFO - [cached since 72.16s ago] {'task_id_1': '373e07f5-f4fc-4d14-8111-26847314eb66', 'param_1': 1}
[ 2025-11-17 20:47:26,905 ] 67 root - INFO - Task retrieved with ID: 373e07f5-f4fc-4d14-8111-26847314eb66
[ 2025-11-17 20:47:26,907 ] 1126 sqlalchemy.engine.Engine - INFO - ROLLBACK
[ 2025-11-17 20:47:30,271 ] 1094 sqlalchemy.engine.Engine - INFO - BEGIN (implicit)
[ 2025-11-17 20:47:30,272 ] 1899 sqlalchemy.engine.Engine - INFO - SELECT "Github_table".id AS "Github_table_id", "Github_table".task_id AS "Github_table_task_id", "Github_table".status AS "Github_table_status", "Github_table".result AS "Github_table_result" 
FROM "Github_table" 
WHERE "Github_table".task_id = %(task_id_1)s 
 LIMIT %(param_1)s
[ 2025-11-17 20:47:30,273 ] 1904 sqlalchemy.engine.Engine - INFO - [cached since 76.13s ago] {'task_id_1': '373e07f5-f4fc-4d14-8111-26847314eb66', 'param_1': 1}
[ 2025-11-17 20:47:30,843 ] 67 root - INFO - Task retrieved with ID: 373e07f5-f4fc-4d14-8111-26847314eb66
[ 2025-11-17 20:47:30,848 ] 1126 sqlalchemy.engine.Engine - INFO - ROLLBACK
[ 2025-11-17 20:47:34,087 ] 1094 sqlalchemy.engine.Engine - INFO - BEGIN (implicit)
[ 2025-11-17 20:47:34,089 ] 1899 sqlalchemy.engine.Engine - INFO - SELECT "Github_table".id AS "Github_table_id", "Github_table".task_id AS "Github_table_task_id", "Github_table".status AS "Github_table_status", "Github_table".result AS "Github_table_result" 
FROM "Github_table" 
WHERE "Github_table".task_id = %(task_id_1)s 
 LIMIT %(param_1)s
[ 2025-11-17 20:47:34,091 ] 1904 sqlalchemy.engine.Engine - INFO - [cached since 79.94s ago] {'task_id_1': '373e07f5-f4fc-4d14-8111-26847314eb66', 'param_1': 1}
[ 2025-11-17 20:47:34,513 ] 67 root - INFO - Task retrieved with ID: 373e07f5-f4fc-4d14-8111-26847314eb66
[ 2025-11-17 20:47:34,516 ] 1126 sqlalchemy.engine.Engine - INFO - ROLLBACK
[ 2025-11-17 20:47:37,912 ] 1094 sqlalchemy.engine.Engine - INFO - BEGIN (implicit)
[ 2025-11-17 20:47:37,913 ] 1899 sqlalchemy.engine.Engine - INFO - SELECT "Github_table".id AS "Github_table_id", "Github_table".task_id AS "Github_table_task_id", "Github_table".status AS "Github_table_status", "Github_table".result AS "Github_table_result" 
FROM "Github_table" 
WHERE "Github_table".task_id = %(task_id_1)s 
 LIMIT %(param_1)s
[ 2025-11-17 20:47:37,914 ] 1904 sqlalchemy.engine.Engine - INFO - [cached since 83.77s ago] {'task_id_1': '373e07f5-f4fc-4d14-8111-26847314eb66', 'param_1': 1}
[ 2025-11-17 20:47:38,376 ] 67 root - INFO - Task retrieved with ID: 373e07f5-f4fc-4d14-8111-26847314eb66
[ 2025-11-17 20:47:38,378 ] 1126 sqlalchemy.engine.Engine - INFO - ROLLBACK
[ 2025-11-17 20:47:41,671 ] 1094 sqlalchemy.engine.Engine - INFO - BEGIN (implicit)
[ 2025-11-17 20:47:41,672 ] 1899 sqlalchemy.engine.Engine - INFO - SELECT "Github_table".id AS "Github_table_id", "Github_table".task_id AS "Github_table_task_id", "Github_table".status AS "Github_table_status", "Github_table".result AS "Github_table_result" 
FROM "Github_table" 
WHERE "Github_table".task_id = %(task_id_1)s 
 LIMIT %(param_1)s
[ 2025-11-17 20:47:41,673 ] 1904 sqlalchemy.engine.Engine - INFO - [cached since 87.53s ago] {'task_id_1': '373e07f5-f4fc-4d14-8111-26847314eb66', 'param_1': 1}
[ 2025-11-17 20:47:42,136 ] 67 root - INFO - Task retrieved with ID: 373e07f5-f4fc-4d14-8111-26847314eb66
[ 2025-11-17 20:47:42,139 ] 1126 sqlalchemy.engine.Engine - INFO - ROLLBACK
[ 2025-11-17 20:47:45,795 ] 1094 sqlalchemy.engine.Engine - INFO - BEGIN (implicit)
[ 2025-11-17 20:47:45,798 ] 1899 sqlalchemy.engine.Engine - INFO - SELECT "Github_table".id AS "Github_table_id", "Github_table".task_id AS "Github_table_task_id", "Github_table".status AS "Github_table_status", "Github_table".result AS "Github_table_result" 
FROM "Github_table" 
WHERE "Github_table".task_id = %(task_id_1)s 
 LIMIT %(param_1)s
[ 2025-11-17 20:47:45,799 ] 1904 sqlalchemy.engine.Engine - INFO - [cached since 91.65s ago] {'task_id_1': '373e07f5-f4fc-4d14-8111-26847314eb66', 'param_1': 1}
[ 2025-11-17 20:47:46,483 ] 67 root - INFO - Task retrieved with ID: 373e07f5-f4fc-4d14-8111-26847314eb66
[ 2025-11-17 20:47:46,485 ] 1126 sqlalchemy.engine.Engine - INFO - ROLLBACK
[ 2025-11-17 20:47:49,667 ] 1094 sqlalchemy.engine.Engine - INFO - BEGIN (implicit)
[ 2025-11-17 20:47:49,669 ] 1899 sqlalchemy.engine.Engine - INFO - SELECT "Github_table".id AS "Github_table_id", "Github_table".task_id AS "Github_table_task_id", "Github_table".status AS "Github_table_status", "Github_table".result AS "Github_table_result" 
FROM "Github_table" 
WHERE "Github_table".task_id = %(task_id_1)s 
 LIMIT %(param_1)s
[ 2025-11-17 20:47:49,669 ] 1904 sqlalchemy.engine.Engine - INFO - [cached since 95.52s ago] {'task_id_1': '373e07f5-f4fc-4d14-8111-26847314eb66', 'param_1': 1}
[ 2025-11-17 20:47:50,165 ] 67 root - INFO - Task retrieved with ID: 373e07f5-f4fc-4d14-8111-26847314eb66
[ 2025-11-17 20:47:50,167 ] 1126 sqlalchemy.engine.Engine - INFO - ROLLBACK
[ 2025-11-17 20:47:53,348 ] 1094 sqlalchemy.engine.Engine - INFO - BEGIN (implicit)
[ 2025-11-17 20:47:53,350 ] 1899 sqlalchemy.engine.Engine - INFO - SELECT "Github_table".id AS "Github_table_id", "Github_table".task_id AS "Github_table_task_id", "Github_table".status AS "Github_table_status", "Github_table".result AS "Github_table_result" 
FROM "Github_table" 
WHERE "Github_table".task_id = %(task_id_1)s 
 LIMIT %(param_1)s
[ 2025-11-17 20:47:53,350 ] 1904 sqlalchemy.engine.Engine - INFO - [cached since 99.21s ago] {'task_id_1': '373e07f5-f4fc-4d14-8111-26847314eb66', 'param_1': 1}
[ 2025-11-17 20:47:53,915 ] 67 root - INFO - Task retrieved with ID: 373e07f5-f4fc-4d14-8111-26847314eb66
[ 2025-11-17 20:47:53,918 ] 1126 sqlalchemy.engine.Engine - INFO - ROLLBACK
[ 2025-11-17 20:47:57,384 ] 1094 sqlalchemy.engine.Engine - INFO - BEGIN (implicit)
[ 2025-11-17 20:47:57,386 ] 1899 sqlalchemy.engine.Engine - INFO - SELECT "Github_table".id AS "Github_table_id", "Github_table".task_id AS "Github_table_task_id", "Github_table".status AS "Github_table_status", "Github_table".result AS "Github_table_result" 
FROM "Github_table" 
WHERE "Github_table".task_id = %(task_id_1)s 
 LIMIT %(param_1)s
[ 2025-11-17 20:47:57,387 ] 1904 sqlalchemy.engine.Engine - INFO - [cached since 103.2s ago] {'task_id_1': '373e07f5-f4fc-4d14-8111-26847314eb66', 'param_1': 1}
[ 2025-11-17 20:47:57,862 ] 67 root - INFO - Task retrieved with ID: 373e07f5-f4fc-4d14-8111-26847314eb66
[ 2025-11-17 20:47:57,867 ] 1126 sqlalchemy.engine.Engine - INFO - ROLLBACK
[ 2025-11-17 20:48:01,103 ] 1094 sqlalchemy.engine.Engine - INFO - BEGIN (implicit)
[ 2025-11-17 20:48:01,106 ] 1899 sqlalchemy.engine.Engine - INFO - SELECT "Github_table".id AS "Github_table_id", "Github_table".task_id AS "Github_table_task_id", "Github_table".status AS "Github_table_status", "Github_table".result AS "Github_table_result" 
FROM "Github_table" 
WHERE "Github_table".task_id = %(task_id_1)s 
 LIMIT %(param_1)s
[ 2025-11-17 20:48:01,107 ] 1904 sqlalchemy.engine.Engine - INFO - [cached since 107s ago] {'task_id_1': '373e07f5-f4fc-4d14-8111-26847314eb66', 'param_1': 1}
[ 2025-11-17 20:48:01,623 ] 67 root - INFO - Task retrieved with ID: 373e07f5-f4fc-4d14-8111-26847314eb66
[ 2025-11-17 20:48:01,626 ] 1126 sqlalchemy.engine.Engine - INFO - ROLLBACK
[ 2025-11-17 20:48:05,066 ] 1094 sqlalchemy.engine.Engine - INFO - BEGIN (implicit)
[ 2025-11-17 20:48:05,068 ] 1899 sqlalchemy.engine.Engine - INFO - SELECT "Github_table".id AS "Github_table_id", "Github_table".task_id AS "Github_table_task_id", "Github_table".status AS "Github_table_status", "Github_table".result AS "Github_table_result" 
FROM "Github_table" 
WHERE "Github_table".task_id = %(task_id_1)s 
 LIMIT %(param_1)s
[ 2025-11-17 20:48:05,069 ] 1904 sqlalchemy.engine.Engine - INFO - [cached since 110.9s ago] {'task_id_1': '373e07f5-f4fc-4d14-8111-26847314eb66', 'param_1': 1}
[ 2025-11-17 20:48:05,515 ] 67 root - INFO - Task retrieved with ID: 373e07f5-f4fc-4d14-8111-26847314eb66
[ 2025-11-17 20:48:05,518 ] 1126 sqlalchemy.engine.Engine - INFO - ROLLBACK
[ 2025-11-17 20:48:08,811 ] 1094 sqlalchemy.engine.Engine - INFO - BEGIN (implicit)
[ 2025-11-17 20:48:08,813 ] 1899 sqlalchemy.engine.Engine - INFO - SELECT "Github_table".id AS "Github_table_id", "Github_table".task_id AS "Github_table_task_id", "Github_table".status AS "Github_table_status", "Github_table".result AS "Github_table_result" 
FROM "Github_table" 
WHERE "Github_table".task_id = %(task_id_1)s 
 LIMIT %(param_1)s
[ 2025-11-17 20:48:08,814 ] 1904 sqlalchemy.engine.Engine - INFO - [cached since 114.7s ago] {'task_id_1': '373e07f5-f4fc-4d14-8111-26847314eb66', 'param_1': 1}
[ 2025-11-17 20:48:09,369 ] 67 root - INFO - Task retrieved with ID: 373e07f5-f4fc-4d14-8111-26847314eb66
[ 2025-11-17 20:48:09,373 ] 1126 sqlalchemy.engine.Engine - INFO - ROLLBACK
[ 2025-11-17 20:48:12,706 ] 1094 sqlalchemy.engine.Engine - INFO - BEGIN (implicit)
[ 2025-11-17 20:48:12,707 ] 1899 sqlalchemy.engine.Engine - INFO - SELECT "Github_table".id AS "Github_table_id", "Github_table".task_id AS "Github_table_task_id", "Github_table".status AS "Github_table_status", "Github_table".result AS "Github_table_result" 
FROM "Github_table" 
WHERE "Github_table".task_id = %(task_id_1)s 
 LIMIT %(param_1)s
[ 2025-11-17 20:48:12,707 ] 1904 sqlalchemy.engine.Engine - INFO - [cached since 118.6s ago] {'task_id_1': '373e07f5-f4fc-4d14-8111-26847314eb66', 'param_1': 1}
[ 2025-11-17 20:48:13,207 ] 67 root - INFO - Task retrieved with ID: 373e07f5-f4fc-4d14-8111-26847314eb66
[ 2025-11-17 20:48:13,212 ] 1126 sqlalchemy.engine.Engine - INFO - ROLLBACK
[ 2025-11-17 20:48:16,543 ] 1094 sqlalchemy.engine.Engine - INFO - BEGIN (implicit)
[ 2025-11-17 20:48:16,547 ] 1899 sqlalchemy.engine.Engine - INFO - SELECT "Github_table".id AS "Github_table_id", "Github_table".task_id AS "Github_table_task_id", "Github_table".status AS "Github_table_status", "Github_table".result AS "Github_table_result" 
FROM "Github_table" 
WHERE "Github_table".task_id = %(task_id_1)s 
 LIMIT %(param_1)s
[ 2025-11-17 20:48:16,549 ] 1904 sqlalchemy.engine.Engine - INFO - [cached since 122.4s ago] {'task_id_1': '373e07f5-f4fc-4d14-8111-26847314eb66', 'param_1': 1}
[ 2025-11-17 20:48:17,032 ] 67 root - INFO - Task retrieved with ID: 373e07f5-f4fc-4d14-8111-26847314eb66
[ 2025-11-17 20:48:17,037 ] 1126 sqlalchemy.engine.Engine - INFO - ROLLBACK
[ 2025-11-17 20:48:20,403 ] 1094 sqlalchemy.engine.Engine - INFO - BEGIN (implicit)
[ 2025-11-17 20:48:20,405 ] 1899 sqlalchemy.engine.Engine - INFO - SELECT "Github_table".id AS "Github_table_id", "Github_table".task_id AS "Github_table_task_id", "Github_table".status AS "Github_table_status", "Github_table".result AS "Github_table_result" 
FROM "Github_table" 
WHERE "Github_table".task_id = %(task_id_1)s 
 LIMIT %(param_1)s
[ 2025-11-17 20:48:20,406 ] 1904 sqlalchemy.engine.Engine - INFO - [cached since 126.3s ago] {'task_id_1': '373e07f5-f4fc-4d14-8111-26847314eb66', 'param_1': 1}
[ 2025-11-17 20:48:20,915 ] 67 root - INFO - Task retrieved with ID: 373e07f5-f4fc-4d14-8111-26847314eb66
[ 2025-11-17 20:48:20,919 ] 1126 sqlalchemy.engine.Engine - INFO - ROLLBACK
[ 2025-11-17 20:48:24,144 ] 1094 sqlalchemy.engine.Engine - INFO - BEGIN (implicit)
[ 2025-11-17 20:48:24,145 ] 1899 sqlalchemy.engine.Engine - INFO - SELECT "Github_table".id AS "Github_table_id", "Github_table".task_id AS "Github_table_task_id", "Github_table".status AS "Github_table_status", "Github_table".result AS "Github_table_result" 
FROM "Github_table" 
WHERE "Github_table".task_id = %(task_id_1)s 
 LIMIT %(param_1)s
[ 2025-11-17 20:48:24,146 ] 1904 sqlalchemy.engine.Engine - INFO - [cached since 130s ago] {'task_id_1': '373e07f5-f4fc-4d14-8111-26847314eb66', 'param_1': 1}
[ 2025-11-17 20:48:24,640 ] 67 root - INFO - Task retrieved with ID: 373e07f5-f4fc-4d14-8111-26847314eb66
[ 2025-11-17 20:48:24,644 ] 1126 sqlalchemy.engine.Engine - INFO - ROLLBACK
[ 2025-11-17 20:48:27,894 ] 1094 sqlalchemy.engine.Engine - INFO - BEGIN (implicit)
[ 2025-11-17 20:48:27,895 ] 1899 sqlalchemy.engine.Engine - INFO - SELECT "Github_table".id AS "Github_table_id", "Github_table".task_id AS "Github_table_task_id", "Github_table".status AS "Github_table_status", "Github_table".result AS "Github_table_result" 
FROM "Github_table" 
WHERE "Github_table".task_id = %(task_id_1)s 
 LIMIT %(param_1)s
[ 2025-11-17 20:48:27,895 ] 1904 sqlalchemy.engine.Engine - INFO - [cached since 133.8s ago] {'task_id_1': '373e07f5-f4fc-4d14-8111-26847314eb66', 'param_1': 1}
[ 2025-11-17 20:48:28,428 ] 67 root - INFO - Task retrieved with ID: 373e07f5-f4fc-4d14-8111-26847314eb66
[ 2025-11-17 20:48:28,430 ] 1126 sqlalchemy.engine.Engine - INFO - ROLLBACK
[ 2025-11-17 20:48:31,563 ] 1094 sqlalchemy.engine.Engine - INFO - BEGIN (implicit)
[ 2025-11-17 20:48:31,564 ] 1899 sqlalchemy.engine.Engine - INFO - SELECT "Github_table".id AS "Github_table_id", "Github_table".task_id AS "Github_table_task_id", "Github_table".status AS "Github_table_status", "Github_table".result AS "Github_table_result" 
FROM "Github_table" 
WHERE "Github_table".task_id = %(task_id_1)s 
 LIMIT %(param_1)s
[ 2025-11-17 20:48:31,565 ] 1904 sqlalchemy.engine.Engine - INFO - [cached since 137.4s ago] {'task_id_1': '373e07f5-f4fc-4d14-8111-26847314eb66', 'param_1': 1}
[ 2025-11-17 20:48:32,066 ] 67 root - INFO - Task retrieved with ID: 373e07f5-f4fc-4d14-8111-26847314eb66
[ 2025-11-17 20:48:32,070 ] 1126 sqlalchemy.engine.Engine - INFO - ROLLBACK
[ 2025-11-17 20:48:35,240 ] 1094 sqlalchemy.engine.Engine - INFO - BEGIN (implicit)
[ 2025-11-17 20:48:35,244 ] 1899 sqlalchemy.engine.Engine - INFO - SELECT "Github_table".id AS "Github_table_id", "Github_table".task_id AS "Github_table_task_id", "Github_table".status AS "Github_table_status", "Github_table".result AS "Github_table_result" 
FROM "Github_table" 
WHERE "Github_table".task_id = %(task_id_1)s 
 LIMIT %(param_1)s
[ 2025-11-17 20:48:35,246 ] 1904 sqlalchemy.engine.Engine - INFO - [cached since 141.1s ago] {'task_id_1': '373e07f5-f4fc-4d14-8111-26847314eb66', 'param_1': 1}
[ 2025-11-17 20:48:35,820 ] 67 root - INFO - Task retrieved with ID: 373e07f5-f4fc-4d14-8111-26847314eb66
[ 2025-11-17 20:48:35,823 ] 1126 sqlalchemy.engine.Engine - INFO - ROLLBACK
[ 2025-11-17 20:48:39,205 ] 1094 sqlalchemy.engine.Engine - INFO - BEGIN (implicit)
[ 2025-11-17 20:48:39,208 ] 1899 sqlalchemy.engine.Engine - INFO - SELECT "Github_table".id AS "Github_table_id", "Github_table".task_id AS "Github_table_task_id", "Github_table".status AS "Github_table_status", "Github_table".result AS "Github_table_result" 
FROM "Github_table" 
WHERE "Github_table".task_id = %(task_id_1)s 
 LIMIT %(param_1)s
[ 2025-11-17 20:48:39,210 ] 1904 sqlalchemy.engine.Engine - INFO - [cached since 145.1s ago] {'task_id_1': '373e07f5-f4fc-4d14-8111-26847314eb66', 'param_1': 1}
[ 2025-11-17 20:48:39,826 ] 67 root - INFO - Task retrieved with ID: 373e07f5-f4fc-4d14-8111-26847314eb66
[ 2025-11-17 20:48:39,828 ] 1126 sqlalchemy.engine.Engine - INFO - ROLLBACK
[ 2025-11-17 20:48:43,095 ] 1094 sqlalchemy.engine.Engine - INFO - BEGIN (implicit)
[ 2025-11-17 20:48:43,096 ] 1899 sqlalchemy.engine.Engine - INFO - SELECT "Github_table".id AS "Github_table_id", "Github_table".task_id AS "Github_table_task_id", "Github_table".status AS "Github_table_status", "Github_table".result AS "Github_table_result" 
FROM "Github_table" 
WHERE "Github_table".task_id = %(task_id_1)s 
 LIMIT %(param_1)s
[ 2025-11-17 20:48:43,098 ] 1904 sqlalchemy.engine.Engine - INFO - [cached since 149s ago] {'task_id_1': '373e07f5-f4fc-4d14-8111-26847314eb66', 'param_1': 1}
[ 2025-11-17 20:48:43,634 ] 67 root - INFO - Task retrieved with ID: 373e07f5-f4fc-4d14-8111-26847314eb66
[ 2025-11-17 20:48:43,638 ] 1126 sqlalchemy.engine.Engine - INFO - ROLLBACK
[ 2025-11-17 20:48:46,989 ] 1094 sqlalchemy.engine.Engine - INFO - BEGIN (implicit)
[ 2025-11-17 20:48:46,991 ] 1899 sqlalchemy.engine.Engine - INFO - SELECT "Github_table".id AS "Github_table_id", "Github_table".task_id AS "Github_table_task_id", "Github_table".status AS "Github_table_status", "Github_table".result AS "Github_table_result" 
FROM "Github_table" 
WHERE "Github_table".task_id = %(task_id_1)s 
 LIMIT %(param_1)s
[ 2025-11-17 20:48:46,991 ] 1904 sqlalchemy.engine.Engine - INFO - [cached since 152.9s ago] {'task_id_1': '373e07f5-f4fc-4d14-8111-26847314eb66', 'param_1': 1}
[ 2025-11-17 20:48:47,444 ] 67 root - INFO - Task retrieved with ID: 373e07f5-f4fc-4d14-8111-26847314eb66
[ 2025-11-17 20:48:47,447 ] 1126 sqlalchemy.engine.Engine - INFO - ROLLBACK
[ 2025-11-17 20:48:50,729 ] 1094 sqlalchemy.engine.Engine - INFO - BEGIN (implicit)
[ 2025-11-17 20:48:50,731 ] 1899 sqlalchemy.engine.Engine - INFO - SELECT "Github_table".id AS "Github_table_id", "Github_table".task_id AS "Github_table_task_id", "Github_table".status AS "Github_table_status", "Github_table".result AS "Github_table_result" 
FROM "Github_table" 
WHERE "Github_table".task_id = %(task_id_1)s 
 LIMIT %(param_1)s
[ 2025-11-17 20:48:50,732 ] 1904 sqlalchemy.engine.Engine - INFO - [cached since 156.6s ago] {'task_id_1': '373e07f5-f4fc-4d14-8111-26847314eb66', 'param_1': 1}
[ 2025-11-17 20:48:51,253 ] 67 root - INFO - Task retrieved with ID: 373e07f5-f4fc-4d14-8111-26847314eb66
[ 2025-11-17 20:48:51,255 ] 1126 sqlalchemy.engine.Engine - INFO - ROLLBACK
[ 2025-11-17 20:48:54,460 ] 1094 sqlalchemy.engine.Engine - INFO - BEGIN (implicit)
[ 2025-11-17 20:48:54,461 ] 1899 sqlalchemy.engine.Engine - INFO - SELECT "Github_table".id AS "Github_table_id", "Github_table".task_id AS "Github_table_task_id", "Github_table".status AS "Github_table_status", "Github_table".result AS "Github_table_result" 
FROM "Github_table" 
WHERE "Github_table".task_id = %(task_id_1)s 
 LIMIT %(param_1)s
[ 2025-11-17 20:48:54,462 ] 1904 sqlalchemy.engine.Engine - INFO - [cached since 160.3s ago] {'task_id_1': '373e07f5-f4fc-4d14-8111-26847314eb66', 'param_1': 1}
[ 2025-11-17 20:48:55,140 ] 67 root - INFO - Task retrieved with ID: 373e07f5-f4fc-4d14-8111-26847314eb66
[ 2025-11-17 20:48:55,143 ] 1126 sqlalchemy.engine.Engine - INFO - ROLLBACK
[ 2025-11-17 20:48:58,290 ] 1094 sqlalchemy.engine.Engine - INFO - BEGIN (implicit)
[ 2025-11-17 20:48:58,293 ] 1899 sqlalchemy.engine.Engine - INFO - SELECT "Github_table".id AS "Github_table_id", "Github_table".task_id AS "Github_table_task_id", "Github_table".status AS "Github_table_status", "Github_table".result AS "Github_table_result" 
FROM "Github_table" 
WHERE "Github_table".task_id = %(task_id_1)s 
 LIMIT %(param_1)s
[ 2025-11-17 20:48:58,295 ] 1904 sqlalchemy.engine.Engine - INFO - [cached since 164.2s ago] {'task_id_1': '373e07f5-f4fc-4d14-8111-26847314eb66', 'param_1': 1}
[ 2025-11-17 20:48:58,781 ] 67 root - INFO - Task retrieved with ID: 373e07f5-f4fc-4d14-8111-26847314eb66
[ 2025-11-17 20:48:58,783 ] 1126 sqlalchemy.engine.Engine - INFO - ROLLBACK
[ 2025-11-17 20:49:02,096 ] 1094 sqlalchemy.engine.Engine - INFO - BEGIN (implicit)
[ 2025-11-17 20:49:02,097 ] 1899 sqlalchemy.engine.Engine - INFO - SELECT "Github_table".id AS "Github_table_id", "Github_table".task_id AS "Github_table_task_id", "Github_table".status AS "Github_table_status", "Github_table".result AS "Github_table_result" 
FROM "Github_table" 
WHERE "Github_table".task_id = %(task_id_1)s 
 LIMIT %(param_1)s
[ 2025-11-17 20:49:02,098 ] 1904 sqlalchemy.engine.Engine - INFO - [cached since 168s ago] {'task_id_1': '373e07f5-f4fc-4d14-8111-26847314eb66', 'param_1': 1}
[ 2025-11-17 20:49:02,547 ] 67 root - INFO - Task retrieved with ID: 373e07f5-f4fc-4d14-8111-26847314eb66
[ 2025-11-17 20:49:02,550 ] 1126 sqlalchemy.engine.Engine - INFO - ROLLBACK
[ 2025-11-17 20:49:05,993 ] 1094 sqlalchemy.engine.Engine - INFO - BEGIN (implicit)
[ 2025-11-17 20:49:05,994 ] 1899 sqlalchemy.engine.Engine - INFO - SELECT "Github_table".id AS "Github_table_id", "Github_table".task_id AS "Github_table_task_id", "Github_table".status AS "Github_table_status", "Github_table".result AS "Github_table_result" 
FROM "Github_table" 
WHERE "Github_table".task_id = %(task_id_1)s 
 LIMIT %(param_1)s
[ 2025-11-17 20:49:05,995 ] 1904 sqlalchemy.engine.Engine - INFO - [cached since 171.9s ago] {'task_id_1': '373e07f5-f4fc-4d14-8111-26847314eb66', 'param_1': 1}
[ 2025-11-17 20:49:06,469 ] 67 root - INFO - Task retrieved with ID: 373e07f5-f4fc-4d14-8111-26847314eb66
[ 2025-11-17 20:49:06,472 ] 1126 sqlalchemy.engine.Engine - INFO - ROLLBACK
[ 2025-11-17 20:49:09,863 ] 1094 sqlalchemy.engine.Engine - INFO - BEGIN (implicit)
[ 2025-11-17 20:49:09,864 ] 1899 sqlalchemy.engine.Engine - INFO - SELECT "Github_table".id AS "Github_table_id", "Github_table".task_id AS "Github_table_task_id", "Github_table".status AS "Github_table_status", "Github_table".result AS "Github_table_result" 
FROM "Github_table" 
WHERE "Github_table".task_id = %(task_id_1)s 
 LIMIT %(param_1)s
[ 2025-11-17 20:49:09,865 ] 1904 sqlalchemy.engine.Engine - INFO - [cached since 175.7s ago] {'task_id_1': '373e07f5-f4fc-4d14-8111-26847314eb66', 'param_1': 1}
[ 2025-11-17 20:49:10,310 ] 67 root - INFO - Task retrieved with ID: 373e07f5-f4fc-4d14-8111-26847314eb66
[ 2025-11-17 20:49:10,313 ] 1126 sqlalchemy.engine.Engine - INFO - ROLLBACK
[ 2025-11-17 20:49:13,503 ] 1094 sqlalchemy.engine.Engine - INFO - BEGIN (implicit)
[ 2025-11-17 20:49:13,504 ] 1899 sqlalchemy.engine.Engine - INFO - SELECT "Github_table".id AS "Github_table_id", "Github_table".task_id AS "Github_table_task_id", "Github_table".status AS "Github_table_status", "Github_table".result AS "Github_table_result" 
FROM "Github_table" 
WHERE "Github_table".task_id = %(task_id_1)s 
 LIMIT %(param_1)s
[ 2025-11-17 20:49:13,505 ] 1904 sqlalchemy.engine.Engine - INFO - [cached since 179.4s ago] {'task_id_1': '373e07f5-f4fc-4d14-8111-26847314eb66', 'param_1': 1}
[ 2025-11-17 20:49:13,966 ] 67 root - INFO - Task retrieved with ID: 373e07f5-f4fc-4d14-8111-26847314eb66
[ 2025-11-17 20:49:13,972 ] 1126 sqlalchemy.engine.Engine - INFO - ROLLBACK
[ 2025-11-17 20:49:17,244 ] 1094 sqlalchemy.engine.Engine - INFO - BEGIN (implicit)
[ 2025-11-17 20:49:17,245 ] 1899 sqlalchemy.engine.Engine - INFO - SELECT "Github_table".id AS "Github_table_id", "Github_table".task_id AS "Github_table_task_id", "Github_table".status AS "Github_table_status", "Github_table".result AS "Github_table_result" 
FROM "Github_table" 
WHERE "Github_table".task_id = %(task_id_1)s 
 LIMIT %(param_1)s
[ 2025-11-17 20:49:17,246 ] 1904 sqlalchemy.engine.Engine - INFO - [cached since 183.1s ago] {'task_id_1': '373e07f5-f4fc-4d14-8111-26847314eb66', 'param_1': 1}
[ 2025-11-17 20:49:17,718 ] 67 root - INFO - Task retrieved with ID: 373e07f5-f4fc-4d14-8111-26847314eb66
[ 2025-11-17 20:49:17,722 ] 1126 sqlalchemy.engine.Engine - INFO - ROLLBACK
[ 2025-11-17 20:49:21,426 ] 1094 sqlalchemy.engine.Engine - INFO - BEGIN (implicit)
[ 2025-11-17 20:49:21,429 ] 1899 sqlalchemy.engine.Engine - INFO - SELECT "Github_table".id AS "Github_table_id", "Github_table".task_id AS "Github_table_task_id", "Github_table".status AS "Github_table_status", "Github_table".result AS "Github_table_result" 
FROM "Github_table" 
WHERE "Github_table".task_id = %(task_id_1)s 
 LIMIT %(param_1)s
[ 2025-11-17 20:49:21,433 ] 1904 sqlalchemy.engine.Engine - INFO - [cached since 187.3s ago] {'task_id_1': '373e07f5-f4fc-4d14-8111-26847314eb66', 'param_1': 1}
[ 2025-11-17 20:49:21,897 ] 67 root - INFO - Task retrieved with ID: 373e07f5-f4fc-4d14-8111-26847314eb66
[ 2025-11-17 20:49:21,899 ] 1126 sqlalchemy.engine.Engine - INFO - ROLLBACK
[ 2025-11-17 20:49:25,081 ] 1094 sqlalchemy.engine.Engine - INFO - BEGIN (implicit)
[ 2025-11-17 20:49:25,082 ] 1899 sqlalchemy.engine.Engine - INFO - SELECT "Github_table".id AS "Github_table_id", "Github_table".task_id AS "Github_table_task_id", "Github_table".status AS "Github_table_status", "Github_table".result AS "Github_table_result" 
FROM "Github_table" 
WHERE "Github_table".task_id = %(task_id_1)s 
 LIMIT %(param_1)s
[ 2025-11-17 20:49:25,084 ] 1904 sqlalchemy.engine.Engine - INFO - [cached since 190.9s ago] {'task_id_1': '373e07f5-f4fc-4d14-8111-26847314eb66', 'param_1': 1}
[ 2025-11-17 20:49:25,548 ] 67 root - INFO - Task retrieved with ID: 373e07f5-f4fc-4d14-8111-26847314eb66
[ 2025-11-17 20:49:25,552 ] 1126 sqlalchemy.engine.Engine - INFO - ROLLBACK
[ 2025-11-17 20:49:28,691 ] 1094 sqlalchemy.engine.Engine - INFO - BEGIN (implicit)
[ 2025-11-17 20:49:28,693 ] 1899 sqlalchemy.engine.Engine - INFO - SELECT "Github_table".id AS "Github_table_id", "Github_table".task_id AS "Github_table_task_id", "Github_table".status AS "Github_table_status", "Github_table".result AS "Github_table_result" 
FROM "Github_table" 
WHERE "Github_table".task_id = %(task_id_1)s 
 LIMIT %(param_1)s
[ 2025-11-17 20:49:28,694 ] 1904 sqlalchemy.engine.Engine - INFO - [cached since 194.6s ago] {'task_id_1': '373e07f5-f4fc-4d14-8111-26847314eb66', 'param_1': 1}
[ 2025-11-17 20:49:29,128 ] 67 root - INFO - Task retrieved with ID: 373e07f5-f4fc-4d14-8111-26847314eb66
[ 2025-11-17 20:49:29,130 ] 1126 sqlalchemy.engine.Engine - INFO - ROLLBACK
[ 2025-11-17 20:49:32,470 ] 1094 sqlalchemy.engine.Engine - INFO - BEGIN (implicit)
[ 2025-11-17 20:49:32,471 ] 1899 sqlalchemy.engine.Engine - INFO - SELECT "Github_table".id AS "Github_table_id", "Github_table".task_id AS "Github_table_task_id", "Github_table".status AS "Github_table_status", "Github_table".result AS "Github_table_result" 
FROM "Github_table" 
WHERE "Github_table".task_id = %(task_id_1)s 
 LIMIT %(param_1)s
[ 2025-11-17 20:49:32,472 ] 1904 sqlalchemy.engine.Engine - INFO - [cached since 198.3s ago] {'task_id_1': '373e07f5-f4fc-4d14-8111-26847314eb66', 'param_1': 1}
[ 2025-11-17 20:49:32,942 ] 67 root - INFO - Task retrieved with ID: 373e07f5-f4fc-4d14-8111-26847314eb66
[ 2025-11-17 20:49:32,945 ] 1126 sqlalchemy.engine.Engine - INFO - ROLLBACK
[ 2025-11-17 20:49:36,291 ] 1094 sqlalchemy.engine.Engine - INFO - BEGIN (implicit)
[ 2025-11-17 20:49:36,295 ] 1899 sqlalchemy.engine.Engine - INFO - SELECT "Github_table".id AS "Github_table_id", "Github_table".task_id AS "Github_table_task_id", "Github_table".status AS "Github_table_status", "Github_table".result AS "Github_table_result" 
FROM "Github_table" 
WHERE "Github_table".task_id = %(task_id_1)s 
 LIMIT %(param_1)s
[ 2025-11-17 20:49:36,299 ] 1904 sqlalchemy.engine.Engine - INFO - [cached since 202.2s ago] {'task_id_1': '373e07f5-f4fc-4d14-8111-26847314eb66', 'param_1': 1}
[ 2025-11-17 20:49:36,794 ] 67 root - INFO - Task retrieved with ID: 373e07f5-f4fc-4d14-8111-26847314eb66
[ 2025-11-17 20:49:36,797 ] 1126 sqlalchemy.engine.Engine - INFO - ROLLBACK
[ 2025-11-17 20:49:40,098 ] 1094 sqlalchemy.engine.Engine - INFO - BEGIN (implicit)
[ 2025-11-17 20:49:40,099 ] 1899 sqlalchemy.engine.Engine - INFO - SELECT "Github_table".id AS "Github_table_id", "Github_table".task_id AS "Github_table_task_id", "Github_table".status AS "Github_table_status", "Github_table".result AS "Github_table_result" 
FROM "Github_table" 
WHERE "Github_table".task_id = %(task_id_1)s 
 LIMIT %(param_1)s
[ 2025-11-17 20:49:40,101 ] 1904 sqlalchemy.engine.Engine - INFO - [cached since 206s ago] {'task_id_1': '373e07f5-f4fc-4d14-8111-26847314eb66', 'param_1': 1}
[ 2025-11-17 20:49:40,558 ] 67 root - INFO - Task retrieved with ID: 373e07f5-f4fc-4d14-8111-26847314eb66
[ 2025-11-17 20:49:40,560 ] 1126 sqlalchemy.engine.Engine - INFO - ROLLBACK
[ 2025-11-17 20:49:43,806 ] 1094 sqlalchemy.engine.Engine - INFO - BEGIN (implicit)
[ 2025-11-17 20:49:43,811 ] 1899 sqlalchemy.engine.Engine - INFO - SELECT "Github_table".id AS "Github_table_id", "Github_table".task_id AS "Github_table_task_id", "Github_table".status AS "Github_table_status", "Github_table".result AS "Github_table_result" 
FROM "Github_table" 
WHERE "Github_table".task_id = %(task_id_1)s 
 LIMIT %(param_1)s
[ 2025-11-17 20:49:43,816 ] 1904 sqlalchemy.engine.Engine - INFO - [cached since 209.7s ago] {'task_id_1': '373e07f5-f4fc-4d14-8111-26847314eb66', 'param_1': 1}
[ 2025-11-17 20:49:44,284 ] 67 root - INFO - Task retrieved with ID: 373e07f5-f4fc-4d14-8111-26847314eb66
[ 2025-11-17 20:49:44,287 ] 1126 sqlalchemy.engine.Engine - INFO - ROLLBACK
[ 2025-11-17 20:49:47,491 ] 1094 sqlalchemy.engine.Engine - INFO - BEGIN (implicit)
[ 2025-11-17 20:49:47,493 ] 1899 sqlalchemy.engine.Engine - INFO - SELECT "Github_table".id AS "Github_table_id", "Github_table".task_id AS "Github_table_task_id", "Github_table".status AS "Github_table_status", "Github_table".result AS "Github_table_result" 
FROM "Github_table" 
WHERE "Github_table".task_id = %(task_id_1)s 
 LIMIT %(param_1)s
[ 2025-11-17 20:49:47,493 ] 1904 sqlalchemy.engine.Engine - INFO - [cached since 213.4s ago] {'task_id_1': '373e07f5-f4fc-4d14-8111-26847314eb66', 'param_1': 1}
[ 2025-11-17 20:49:48,006 ] 67 root - INFO - Task retrieved with ID: 373e07f5-f4fc-4d14-8111-26847314eb66
[ 2025-11-17 20:49:48,009 ] 1126 sqlalchemy.engine.Engine - INFO - ROLLBACK
[ 2025-11-17 20:49:51,312 ] 1094 sqlalchemy.engine.Engine - INFO - BEGIN (implicit)
[ 2025-11-17 20:49:51,313 ] 1899 sqlalchemy.engine.Engine - INFO - SELECT "Github_table".id AS "Github_table_id", "Github_table".task_id AS "Github_table_task_id", "Github_table".status AS "Github_table_status", "Github_table".result AS "Github_table_result" 
FROM "Github_table" 
WHERE "Github_table".task_id = %(task_id_1)s 
 LIMIT %(param_1)s
[ 2025-11-17 20:49:51,314 ] 1904 sqlalchemy.engine.Engine - INFO - [cached since 217.2s ago] {'task_id_1': '373e07f5-f4fc-4d14-8111-26847314eb66', 'param_1': 1}
[ 2025-11-17 20:49:51,874 ] 67 root - INFO - Task retrieved with ID: 373e07f5-f4fc-4d14-8111-26847314eb66
[ 2025-11-17 20:49:51,877 ] 1126 sqlalchemy.engine.Engine - INFO - ROLLBACK
[ 2025-11-17 20:49:55,349 ] 1094 sqlalchemy.engine.Engine - INFO - BEGIN (implicit)
[ 2025-11-17 20:49:55,351 ] 1899 sqlalchemy.engine.Engine - INFO - SELECT "Github_table".id AS "Github_table_id", "Github_table".task_id AS "Github_table_task_id", "Github_table".status AS "Github_table_status", "Github_table".result AS "Github_table_result" 
FROM "Github_table" 
WHERE "Github_table".task_id = %(task_id_1)s 
 LIMIT %(param_1)s
[ 2025-11-17 20:49:55,352 ] 1904 sqlalchemy.engine.Engine - INFO - [cached since 221.2s ago] {'task_id_1': '373e07f5-f4fc-4d14-8111-26847314eb66', 'param_1': 1}
[ 2025-11-17 20:49:55,811 ] 67 root - INFO - Task retrieved with ID: 373e07f5-f4fc-4d14-8111-26847314eb66
[ 2025-11-17 20:49:55,813 ] 1126 sqlalchemy.engine.Engine - INFO - ROLLBACK
[ 2025-11-17 20:49:59,058 ] 1094 sqlalchemy.engine.Engine - INFO - BEGIN (implicit)
[ 2025-11-17 20:49:59,058 ] 1899 sqlalchemy.engine.Engine - INFO - SELECT "Github_table".id AS "Github_table_id", "Github_table".task_id AS "Github_table_task_id", "Github_table".status AS "Github_table_status", "Github_table".result AS "Github_table_result" 
FROM "Github_table" 
WHERE "Github_table".task_id = %(task_id_1)s 
 LIMIT %(param_1)s
[ 2025-11-17 20:49:59,059 ] 1904 sqlalchemy.engine.Engine - INFO - [cached since 224.9s ago] {'task_id_1': '373e07f5-f4fc-4d14-8111-26847314eb66', 'param_1': 1}
[ 2025-11-17 20:49:59,619 ] 67 root - INFO - Task retrieved with ID: 373e07f5-f4fc-4d14-8111-26847314eb66
[ 2025-11-17 20:49:59,622 ] 1126 sqlalchemy.engine.Engine - INFO - ROLLBACK
[ 2025-11-17 20:50:03,253 ] 1094 sqlalchemy.engine.Engine - INFO - BEGIN (implicit)
[ 2025-11-17 20:50:03,254 ] 1899 sqlalchemy.engine.Engine - INFO - SELECT "Github_table".id AS "Github_table_id", "Github_table".task_id AS "Github_table_task_id", "Github_table".status AS "Github_table_status", "Github_table".result AS "Github_table_result" 
FROM "Github_table" 
WHERE "Github_table".task_id = %(task_id_1)s 
 LIMIT %(param_1)s
[ 2025-11-17 20:50:03,254 ] 1904 sqlalchemy.engine.Engine - INFO - [cached since 229.1s ago] {'task_id_1': '373e07f5-f4fc-4d14-8111-26847314eb66', 'param_1': 1}
[ 2025-11-17 20:50:03,925 ] 67 root - INFO - Task retrieved with ID: 373e07f5-f4fc-4d14-8111-26847314eb66
[ 2025-11-17 20:50:03,930 ] 1126 sqlalchemy.engine.Engine - INFO - ROLLBACK
[ 2025-11-17 20:50:07,242 ] 1094 sqlalchemy.engine.Engine - INFO - BEGIN (implicit)
[ 2025-11-17 20:50:07,243 ] 1899 sqlalchemy.engine.Engine - INFO - SELECT "Github_table".id AS "Github_table_id", "Github_table".task_id AS "Github_table_task_id", "Github_table".status AS "Github_table_status", "Github_table".result AS "Github_table_result" 
FROM "Github_table" 
WHERE "Github_table".task_id = %(task_id_1)s 
 LIMIT %(param_1)s
[ 2025-11-17 20:50:07,243 ] 1904 sqlalchemy.engine.Engine - INFO - [cached since 233.1s ago] {'task_id_1': '373e07f5-f4fc-4d14-8111-26847314eb66', 'param_1': 1}
[ 2025-11-17 20:50:07,721 ] 67 root - INFO - Task retrieved with ID: 373e07f5-f4fc-4d14-8111-26847314eb66
[ 2025-11-17 20:50:07,723 ] 1126 sqlalchemy.engine.Engine - INFO - ROLLBACK
[ 2025-11-17 20:50:11,074 ] 1094 sqlalchemy.engine.Engine - INFO - BEGIN (implicit)
[ 2025-11-17 20:50:11,075 ] 1899 sqlalchemy.engine.Engine - INFO - SELECT "Github_table".id AS "Github_table_id", "Github_table".task_id AS "Github_table_task_id", "Github_table".status AS "Github_table_status", "Github_table".result AS "Github_table_result" 
FROM "Github_table" 
WHERE "Github_table".task_id = %(task_id_1)s 
 LIMIT %(param_1)s
[ 2025-11-17 20:50:11,078 ] 1904 sqlalchemy.engine.Engine - INFO - [cached since 236.9s ago] {'task_id_1': '373e07f5-f4fc-4d14-8111-26847314eb66', 'param_1': 1}
[ 2025-11-17 20:50:11,622 ] 67 root - INFO - Task retrieved with ID: 373e07f5-f4fc-4d14-8111-26847314eb66
[ 2025-11-17 20:50:11,626 ] 1126 sqlalchemy.engine.Engine - INFO - ROLLBACK
[ 2025-11-17 20:50:14,880 ] 1094 sqlalchemy.engine.Engine - INFO - BEGIN (implicit)
[ 2025-11-17 20:50:14,883 ] 1899 sqlalchemy.engine.Engine - INFO - SELECT "Github_table".id AS "Github_table_id", "Github_table".task_id AS "Github_table_task_id", "Github_table".status AS "Github_table_status", "Github_table".result AS "Github_table_result" 
FROM "Github_table" 
WHERE "Github_table".task_id = %(task_id_1)s 
 LIMIT %(param_1)s
[ 2025-11-17 20:50:14,884 ] 1904 sqlalchemy.engine.Engine - INFO - [cached since 240.7s ago] {'task_id_1': '373e07f5-f4fc-4d14-8111-26847314eb66', 'param_1': 1}
[ 2025-11-17 20:50:15,599 ] 67 root - INFO - Task retrieved with ID: 373e07f5-f4fc-4d14-8111-26847314eb66
[ 2025-11-17 20:50:15,605 ] 1126 sqlalchemy.engine.Engine - INFO - ROLLBACK
[ 2025-11-17 20:50:19,044 ] 1094 sqlalchemy.engine.Engine - INFO - BEGIN (implicit)
[ 2025-11-17 20:50:19,045 ] 1899 sqlalchemy.engine.Engine - INFO - SELECT "Github_table".id AS "Github_table_id", "Github_table".task_id AS "Github_table_task_id", "Github_table".status AS "Github_table_status", "Github_table".result AS "Github_table_result" 
FROM "Github_table" 
WHERE "Github_table".task_id = %(task_id_1)s 
 LIMIT %(param_1)s
[ 2025-11-17 20:50:19,046 ] 1904 sqlalchemy.engine.Engine - INFO - [cached since 244.9s ago] {'task_id_1': '373e07f5-f4fc-4d14-8111-26847314eb66', 'param_1': 1}
[ 2025-11-17 20:50:19,509 ] 67 root - INFO - Task retrieved with ID: 373e07f5-f4fc-4d14-8111-26847314eb66
[ 2025-11-17 20:50:19,511 ] 1126 sqlalchemy.engine.Engine - INFO - ROLLBACK
[ 2025-11-17 20:50:22,817 ] 1094 sqlalchemy.engine.Engine - INFO - BEGIN (implicit)
[ 2025-11-17 20:50:22,818 ] 1899 sqlalchemy.engine.Engine - INFO - SELECT "Github_table".id AS "Github_table_id", "Github_table".task_id AS "Github_table_task_id", "Github_table".status AS "Github_table_status", "Github_table".result AS "Github_table_result" 
FROM "Github_table" 
WHERE "Github_table".task_id = %(task_id_1)s 
 LIMIT %(param_1)s
[ 2025-11-17 20:50:22,819 ] 1904 sqlalchemy.engine.Engine - INFO - [cached since 248.7s ago] {'task_id_1': '373e07f5-f4fc-4d14-8111-26847314eb66', 'param_1': 1}
[ 2025-11-17 20:50:23,298 ] 67 root - INFO - Task retrieved with ID: 373e07f5-f4fc-4d14-8111-26847314eb66
[ 2025-11-17 20:50:23,300 ] 1126 sqlalchemy.engine.Engine - INFO - ROLLBACK
[ 2025-11-17 20:50:26,507 ] 1094 sqlalchemy.engine.Engine - INFO - BEGIN (implicit)
[ 2025-11-17 20:50:26,509 ] 1899 sqlalchemy.engine.Engine - INFO - SELECT "Github_table".id AS "Github_table_id", "Github_table".task_id AS "Github_table_task_id", "Github_table".status AS "Github_table_status", "Github_table".result AS "Github_table_result" 
FROM "Github_table" 
WHERE "Github_table".task_id = %(task_id_1)s 
 LIMIT %(param_1)s
[ 2025-11-17 20:50:26,511 ] 1904 sqlalchemy.engine.Engine - INFO - [cached since 252.4s ago] {'task_id_1': '373e07f5-f4fc-4d14-8111-26847314eb66', 'param_1': 1}
[ 2025-11-17 20:50:27,048 ] 67 root - INFO - Task retrieved with ID: 373e07f5-f4fc-4d14-8111-26847314eb66
[ 2025-11-17 20:50:27,051 ] 1126 sqlalchemy.engine.Engine - INFO - ROLLBACK
[ 2025-11-17 20:50:30,559 ] 1094 sqlalchemy.engine.Engine - INFO - BEGIN (implicit)
[ 2025-11-17 20:50:30,560 ] 1899 sqlalchemy.engine.Engine - INFO - SELECT "Github_table".id AS "Github_table_id", "Github_table".task_id AS "Github_table_task_id", "Github_table".status AS "Github_table_status", "Github_table".result AS "Github_table_result" 
FROM "Github_table" 
WHERE "Github_table".task_id = %(task_id_1)s 
 LIMIT %(param_1)s
[ 2025-11-17 20:50:30,560 ] 1904 sqlalchemy.engine.Engine - INFO - [cached since 256.4s ago] {'task_id_1': '373e07f5-f4fc-4d14-8111-26847314eb66', 'param_1': 1}
[ 2025-11-17 20:50:31,235 ] 67 root - INFO - Task retrieved with ID: 373e07f5-f4fc-4d14-8111-26847314eb66
[ 2025-11-17 20:50:31,237 ] 1126 sqlalchemy.engine.Engine - INFO - ROLLBACK
[ 2025-11-17 20:50:34,694 ] 1094 sqlalchemy.engine.Engine - INFO - BEGIN (implicit)
[ 2025-11-17 20:50:34,695 ] 1899 sqlalchemy.engine.Engine - INFO - SELECT "Github_table".id AS "Github_table_id", "Github_table".task_id AS "Github_table_task_id", "Github_table".status AS "Github_table_status", "Github_table".result AS "Github_table_result" 
FROM "Github_table" 
WHERE "Github_table".task_id = %(task_id_1)s 
 LIMIT %(param_1)s
[ 2025-11-17 20:50:34,695 ] 1904 sqlalchemy.engine.Engine - INFO - [cached since 260.6s ago] {'task_id_1': '373e07f5-f4fc-4d14-8111-26847314eb66', 'param_1': 1}
[ 2025-11-17 20:50:35,200 ] 67 root - INFO - Task retrieved with ID: 373e07f5-f4fc-4d14-8111-26847314eb66
[ 2025-11-17 20:50:35,202 ] 1126 sqlalchemy.engine.Engine - INFO - ROLLBACK
[ 2025-11-17 20:50:38,359 ] 1094 sqlalchemy.engine.Engine - INFO - BEGIN (implicit)
[ 2025-11-17 20:50:38,361 ] 1899 sqlalchemy.engine.Engine - INFO - SELECT "Github_table".id AS "Github_table_id", "Github_table".task_id AS "Github_table_task_id", "Github_table".status AS "Github_table_status", "Github_table".result AS "Github_table_result" 
FROM "Github_table" 
WHERE "Github_table".task_id = %(task_id_1)s 
 LIMIT %(param_1)s
[ 2025-11-17 20:50:38,362 ] 1904 sqlalchemy.engine.Engine - INFO - [cached since 264.2s ago] {'task_id_1': '373e07f5-f4fc-4d14-8111-26847314eb66', 'param_1': 1}
[ 2025-11-17 20:50:38,868 ] 67 root - INFO - Task retrieved with ID: 373e07f5-f4fc-4d14-8111-26847314eb66
[ 2025-11-17 20:50:38,870 ] 1126 sqlalchemy.engine.Engine - INFO - ROLLBACK
[ 2025-11-17 20:50:42,101 ] 1094 sqlalchemy.engine.Engine - INFO - BEGIN (implicit)
[ 2025-11-17 20:50:42,102 ] 1899 sqlalchemy.engine.Engine - INFO - SELECT "Github_table".id AS "Github_table_id", "Github_table".task_id AS "Github_table_task_id", "Github_table".status AS "Github_table_status", "Github_table".result AS "Github_table_result" 
FROM "Github_table" 
WHERE "Github_table".task_id = %(task_id_1)s 
 LIMIT %(param_1)s
[ 2025-11-17 20:50:42,102 ] 1904 sqlalchemy.engine.Engine - INFO - [cached since 268s ago] {'task_id_1': '373e07f5-f4fc-4d14-8111-26847314eb66', 'param_1': 1}
[ 2025-11-17 20:50:42,540 ] 67 root - INFO - Task retrieved with ID: 373e07f5-f4fc-4d14-8111-26847314eb66
[ 2025-11-17 20:50:42,545 ] 1126 sqlalchemy.engine.Engine - INFO - ROLLBACK
[ 2025-11-17 20:50:45,814 ] 1094 sqlalchemy.engine.Engine - INFO - BEGIN (implicit)
[ 2025-11-17 20:50:45,816 ] 1899 sqlalchemy.engine.Engine - INFO - SELECT "Github_table".id AS "Github_table_id", "Github_table".task_id AS "Github_table_task_id", "Github_table".status AS "Github_table_status", "Github_table".result AS "Github_table_result" 
FROM "Github_table" 
WHERE "Github_table".task_id = %(task_id_1)s 
 LIMIT %(param_1)s
[ 2025-11-17 20:50:45,817 ] 1904 sqlalchemy.engine.Engine - INFO - [cached since 271.7s ago] {'task_id_1': '373e07f5-f4fc-4d14-8111-26847314eb66', 'param_1': 1}
[ 2025-11-17 20:50:46,321 ] 67 root - INFO - Task retrieved with ID: 373e07f5-f4fc-4d14-8111-26847314eb66
[ 2025-11-17 20:50:46,325 ] 1126 sqlalchemy.engine.Engine - INFO - ROLLBACK
[ 2025-11-17 20:50:49,432 ] 1094 sqlalchemy.engine.Engine - INFO - BEGIN (implicit)
[ 2025-11-17 20:50:49,434 ] 1899 sqlalchemy.engine.Engine - INFO - SELECT "Github_table".id AS "Github_table_id", "Github_table".task_id AS "Github_table_task_id", "Github_table".status AS "Github_table_status", "Github_table".result AS "Github_table_result" 
FROM "Github_table" 
WHERE "Github_table".task_id = %(task_id_1)s 
 LIMIT %(param_1)s
[ 2025-11-17 20:50:49,435 ] 1904 sqlalchemy.engine.Engine - INFO - [cached since 275.3s ago] {'task_id_1': '373e07f5-f4fc-4d14-8111-26847314eb66', 'param_1': 1}
[ 2025-11-17 20:50:50,127 ] 67 root - INFO - Task retrieved with ID: 373e07f5-f4fc-4d14-8111-26847314eb66
[ 2025-11-17 20:50:50,129 ] 1126 sqlalchemy.engine.Engine - INFO - ROLLBACK
[ 2025-11-17 20:50:53,424 ] 1094 sqlalchemy.engine.Engine - INFO - BEGIN (implicit)
[ 2025-11-17 20:50:53,425 ] 1899 sqlalchemy.engine.Engine - INFO - SELECT "Github_table".id AS "Github_table_id", "Github_table".task_id AS "Github_table_task_id", "Github_table".status AS "Github_table_status", "Github_table".result AS "Github_table_result" 
FROM "Github_table" 
WHERE "Github_table".task_id = %(task_id_1)s 
 LIMIT %(param_1)s
[ 2025-11-17 20:50:53,426 ] 1904 sqlalchemy.engine.Engine - INFO - [cached since 279.3s ago] {'task_id_1': '373e07f5-f4fc-4d14-8111-26847314eb66', 'param_1': 1}
[ 2025-11-17 20:50:53,942 ] 67 root - INFO - Task retrieved with ID: 373e07f5-f4fc-4d14-8111-26847314eb66
[ 2025-11-17 20:50:53,943 ] 1126 sqlalchemy.engine.Engine - INFO - ROLLBACK
[ 2025-11-17 20:50:57,197 ] 1094 sqlalchemy.engine.Engine - INFO - BEGIN (implicit)
[ 2025-11-17 20:50:57,199 ] 1899 sqlalchemy.engine.Engine - INFO - SELECT "Github_table".id AS "Github_table_id", "Github_table".task_id AS "Github_table_task_id", "Github_table".status AS "Github_table_status", "Github_table".result AS "Github_table_result" 
FROM "Github_table" 
WHERE "Github_table".task_id = %(task_id_1)s 
 LIMIT %(param_1)s
[ 2025-11-17 20:50:57,200 ] 1904 sqlalchemy.engine.Engine - INFO - [cached since 283.1s ago] {'task_id_1': '373e07f5-f4fc-4d14-8111-26847314eb66', 'param_1': 1}
[ 2025-11-17 20:50:57,642 ] 67 root - INFO - Task retrieved with ID: 373e07f5-f4fc-4d14-8111-26847314eb66
[ 2025-11-17 20:50:57,643 ] 1126 sqlalchemy.engine.Engine - INFO - ROLLBACK
[ 2025-11-17 20:51:00,881 ] 1094 sqlalchemy.engine.Engine - INFO - BEGIN (implicit)
[ 2025-11-17 20:51:00,883 ] 1899 sqlalchemy.engine.Engine - INFO - SELECT "Github_table".id AS "Github_table_id", "Github_table".task_id AS "Github_table_task_id", "Github_table".status AS "Github_table_status", "Github_table".result AS "Github_table_result" 
FROM "Github_table" 
WHERE "Github_table".task_id = %(task_id_1)s 
 LIMIT %(param_1)s
[ 2025-11-17 20:51:00,885 ] 1904 sqlalchemy.engine.Engine - INFO - [cached since 286.8s ago] {'task_id_1': '373e07f5-f4fc-4d14-8111-26847314eb66', 'param_1': 1}
[ 2025-11-17 20:51:01,531 ] 67 root - INFO - Task retrieved with ID: 373e07f5-f4fc-4d14-8111-26847314eb66
[ 2025-11-17 20:51:01,533 ] 1126 sqlalchemy.engine.Engine - INFO - ROLLBACK
[ 2025-11-17 20:51:04,851 ] 1094 sqlalchemy.engine.Engine - INFO - BEGIN (implicit)
[ 2025-11-17 20:51:04,854 ] 1899 sqlalchemy.engine.Engine - INFO - SELECT "Github_table".id AS "Github_table_id", "Github_table".task_id AS "Github_table_task_id", "Github_table".status AS "Github_table_status", "Github_table".result AS "Github_table_result" 
FROM "Github_table" 
WHERE "Github_table".task_id = %(task_id_1)s 
 LIMIT %(param_1)s
[ 2025-11-17 20:51:04,855 ] 1904 sqlalchemy.engine.Engine - INFO - [cached since 290.7s ago] {'task_id_1': '373e07f5-f4fc-4d14-8111-26847314eb66', 'param_1': 1}
[ 2025-11-17 20:51:05,293 ] 67 root - INFO - Task retrieved with ID: 373e07f5-f4fc-4d14-8111-26847314eb66
[ 2025-11-17 20:51:05,299 ] 1126 sqlalchemy.engine.Engine - INFO - ROLLBACK
[ 2025-11-17 20:51:08,500 ] 1094 sqlalchemy.engine.Engine - INFO - BEGIN (implicit)
[ 2025-11-17 20:51:08,501 ] 1899 sqlalchemy.engine.Engine - INFO - SELECT "Github_table".id AS "Github_table_id", "Github_table".task_id AS "Github_table_task_id", "Github_table".status AS "Github_table_status", "Github_table".result AS "Github_table_result" 
FROM "Github_table" 
WHERE "Github_table".task_id = %(task_id_1)s 
 LIMIT %(param_1)s
[ 2025-11-17 20:51:08,501 ] 1904 sqlalchemy.engine.Engine - INFO - [cached since 294.4s ago] {'task_id_1': '373e07f5-f4fc-4d14-8111-26847314eb66', 'param_1': 1}
[ 2025-11-17 20:51:08,974 ] 67 root - INFO - Task retrieved with ID: 373e07f5-f4fc-4d14-8111-26847314eb66
[ 2025-11-17 20:51:08,977 ] 1126 sqlalchemy.engine.Engine - INFO - ROLLBACK
[ 2025-11-17 20:51:12,082 ] 1094 sqlalchemy.engine.Engine - INFO - BEGIN (implicit)
[ 2025-11-17 20:51:12,083 ] 1899 sqlalchemy.engine.Engine - INFO - SELECT "Github_table".id AS "Github_table_id", "Github_table".task_id AS "Github_table_task_id", "Github_table".status AS "Github_table_status", "Github_table".result AS "Github_table_result" 
FROM "Github_table" 
WHERE "Github_table".task_id = %(task_id_1)s 
 LIMIT %(param_1)s
[ 2025-11-17 20:51:12,084 ] 1904 sqlalchemy.engine.Engine - INFO - [cached since 298s ago] {'task_id_1': '373e07f5-f4fc-4d14-8111-26847314eb66', 'param_1': 1}
[ 2025-11-17 20:51:12,542 ] 67 root - INFO - Task retrieved with ID: 373e07f5-f4fc-4d14-8111-26847314eb66
[ 2025-11-17 20:51:12,545 ] 1126 sqlalchemy.engine.Engine - INFO - ROLLBACK
[ 2025-11-17 20:51:15,830 ] 1094 sqlalchemy.engine.Engine - INFO - BEGIN (implicit)
[ 2025-11-17 20:51:15,832 ] 1899 sqlalchemy.engine.Engine - INFO - SELECT "Github_table".id AS "Github_table_id", "Github_table".task_id AS "Github_table_task_id", "Github_table".status AS "Github_table_status", "Github_table".result AS "Github_table_result" 
FROM "Github_table" 
WHERE "Github_table".task_id = %(task_id_1)s 
 LIMIT %(param_1)s
[ 2025-11-17 20:51:15,832 ] 1904 sqlalchemy.engine.Engine - INFO - [cached since 301.7s ago] {'task_id_1': '373e07f5-f4fc-4d14-8111-26847314eb66', 'param_1': 1}
[ 2025-11-17 20:51:16,364 ] 67 root - INFO - Task retrieved with ID: 373e07f5-f4fc-4d14-8111-26847314eb66
[ 2025-11-17 20:51:16,368 ] 1126 sqlalchemy.engine.Engine - INFO - ROLLBACK
[ 2025-11-17 20:51:19,670 ] 1094 sqlalchemy.engine.Engine - INFO - BEGIN (implicit)
[ 2025-11-17 20:51:19,671 ] 1899 sqlalchemy.engine.Engine - INFO - SELECT "Github_table".id AS "Github_table_id", "Github_table".task_id AS "Github_table_task_id", "Github_table".status AS "Github_table_status", "Github_table".result AS "Github_table_result" 
FROM "Github_table" 
WHERE "Github_table".task_id = %(task_id_1)s 
 LIMIT %(param_1)s
[ 2025-11-17 20:51:19,671 ] 1904 sqlalchemy.engine.Engine - INFO - [cached since 305.5s ago] {'task_id_1': '373e07f5-f4fc-4d14-8111-26847314eb66', 'param_1': 1}
[ 2025-11-17 20:51:20,095 ] 67 root - INFO - Task retrieved with ID: 373e07f5-f4fc-4d14-8111-26847314eb66
[ 2025-11-17 20:51:20,098 ] 1126 sqlalchemy.engine.Engine - INFO - ROLLBACK
[ 2025-11-17 20:51:23,257 ] 1094 sqlalchemy.engine.Engine - INFO - BEGIN (implicit)
[ 2025-11-17 20:51:23,258 ] 1899 sqlalchemy.engine.Engine - INFO - SELECT "Github_table".id AS "Github_table_id", "Github_table".task_id AS "Github_table_task_id", "Github_table".status AS "Github_table_status", "Github_table".result AS "Github_table_result" 
FROM "Github_table" 
WHERE "Github_table".task_id = %(task_id_1)s 
 LIMIT %(param_1)s
[ 2025-11-17 20:51:23,259 ] 1904 sqlalchemy.engine.Engine - INFO - [cached since 309.1s ago] {'task_id_1': '373e07f5-f4fc-4d14-8111-26847314eb66', 'param_1': 1}
[ 2025-11-17 20:51:23,860 ] 67 root - INFO - Task retrieved with ID: 373e07f5-f4fc-4d14-8111-26847314eb66
[ 2025-11-17 20:51:23,864 ] 1126 sqlalchemy.engine.Engine - INFO - ROLLBACK
[ 2025-11-17 20:51:26,991 ] 1094 sqlalchemy.engine.Engine - INFO - BEGIN (implicit)
[ 2025-11-17 20:51:26,994 ] 1899 sqlalchemy.engine.Engine - INFO - SELECT "Github_table".id AS "Github_table_id", "Github_table".task_id AS "Github_table_task_id", "Github_table".status AS "Github_table_status", "Github_table".result AS "Github_table_result" 
FROM "Github_table" 
WHERE "Github_table".task_id = %(task_id_1)s 
 LIMIT %(param_1)s
[ 2025-11-17 20:51:26,995 ] 1904 sqlalchemy.engine.Engine - INFO - [cached since 312.9s ago] {'task_id_1': '373e07f5-f4fc-4d14-8111-26847314eb66', 'param_1': 1}
[ 2025-11-17 20:51:27,485 ] 67 root - INFO - Task retrieved with ID: 373e07f5-f4fc-4d14-8111-26847314eb66
[ 2025-11-17 20:51:27,487 ] 1126 sqlalchemy.engine.Engine - INFO - ROLLBACK
[ 2025-11-17 20:51:30,888 ] 1094 sqlalchemy.engine.Engine - INFO - BEGIN (implicit)
[ 2025-11-17 20:51:30,889 ] 1899 sqlalchemy.engine.Engine - INFO - SELECT "Github_table".id AS "Github_table_id", "Github_table".task_id AS "Github_table_task_id", "Github_table".status AS "Github_table_status", "Github_table".result AS "Github_table_result" 
FROM "Github_table" 
WHERE "Github_table".task_id = %(task_id_1)s 
 LIMIT %(param_1)s
[ 2025-11-17 20:51:30,889 ] 1904 sqlalchemy.engine.Engine - INFO - [cached since 316.8s ago] {'task_id_1': '373e07f5-f4fc-4d14-8111-26847314eb66', 'param_1': 1}
[ 2025-11-17 20:51:31,702 ] 67 root - INFO - Task retrieved with ID: 373e07f5-f4fc-4d14-8111-26847314eb66
[ 2025-11-17 20:51:31,704 ] 1126 sqlalchemy.engine.Engine - INFO - ROLLBACK
[ 2025-11-17 20:51:35,110 ] 1094 sqlalchemy.engine.Engine - INFO - BEGIN (implicit)
[ 2025-11-17 20:51:35,111 ] 1899 sqlalchemy.engine.Engine - INFO - SELECT "Github_table".id AS "Github_table_id", "Github_table".task_id AS "Github_table_task_id", "Github_table".status AS "Github_table_status", "Github_table".result AS "Github_table_result" 
FROM "Github_table" 
WHERE "Github_table".task_id = %(task_id_1)s 
 LIMIT %(param_1)s
[ 2025-11-17 20:51:35,112 ] 1904 sqlalchemy.engine.Engine - INFO - [cached since 321s ago] {'task_id_1': '373e07f5-f4fc-4d14-8111-26847314eb66', 'param_1': 1}
[ 2025-11-17 20:51:35,968 ] 67 root - INFO - Task retrieved with ID: 373e07f5-f4fc-4d14-8111-26847314eb66
[ 2025-11-17 20:51:35,972 ] 1126 sqlalchemy.engine.Engine - INFO - ROLLBACK
[ 2025-11-17 20:51:39,297 ] 1094 sqlalchemy.engine.Engine - INFO - BEGIN (implicit)
[ 2025-11-17 20:51:39,300 ] 1899 sqlalchemy.engine.Engine - INFO - SELECT "Github_table".id AS "Github_table_id", "Github_table".task_id AS "Github_table_task_id", "Github_table".status AS "Github_table_status", "Github_table".result AS "Github_table_result" 
FROM "Github_table" 
WHERE "Github_table".task_id = %(task_id_1)s 
 LIMIT %(param_1)s
[ 2025-11-17 20:51:39,304 ] 1904 sqlalchemy.engine.Engine - INFO - [cached since 325.2s ago] {'task_id_1': '373e07f5-f4fc-4d14-8111-26847314eb66', 'param_1': 1}
[ 2025-11-17 20:51:39,854 ] 67 root - INFO - Task retrieved with ID: 373e07f5-f4fc-4d14-8111-26847314eb66
[ 2025-11-17 20:51:39,856 ] 1126 sqlalchemy.engine.Engine - INFO - ROLLBACK
[ 2025-11-17 20:51:43,174 ] 1094 sqlalchemy.engine.Engine - INFO - BEGIN (implicit)
[ 2025-11-17 20:51:43,175 ] 1899 sqlalchemy.engine.Engine - INFO - SELECT "Github_table".id AS "Github_table_id", "Github_table".task_id AS "Github_table_task_id", "Github_table".status AS "Github_table_status", "Github_table".result AS "Github_table_result" 
FROM "Github_table" 
WHERE "Github_table".task_id = %(task_id_1)s 
 LIMIT %(param_1)s
[ 2025-11-17 20:51:43,175 ] 1904 sqlalchemy.engine.Engine - INFO - [cached since 329s ago] {'task_id_1': '373e07f5-f4fc-4d14-8111-26847314eb66', 'param_1': 1}
[ 2025-11-17 20:51:43,688 ] 67 root - INFO - Task retrieved with ID: 373e07f5-f4fc-4d14-8111-26847314eb66
[ 2025-11-17 20:51:43,691 ] 1126 sqlalchemy.engine.Engine - INFO - ROLLBACK
[ 2025-11-17 20:51:46,906 ] 1094 sqlalchemy.engine.Engine - INFO - BEGIN (implicit)
[ 2025-11-17 20:51:46,907 ] 1899 sqlalchemy.engine.Engine - INFO - SELECT "Github_table".id AS "Github_table_id", "Github_table".task_id AS "Github_table_task_id", "Github_table".status AS "Github_table_status", "Github_table".result AS "Github_table_result" 
FROM "Github_table" 
WHERE "Github_table".task_id = %(task_id_1)s 
 LIMIT %(param_1)s
[ 2025-11-17 20:51:46,908 ] 1904 sqlalchemy.engine.Engine - INFO - [cached since 332.8s ago] {'task_id_1': '373e07f5-f4fc-4d14-8111-26847314eb66', 'param_1': 1}
[ 2025-11-17 20:51:47,399 ] 67 root - INFO - Task retrieved with ID: 373e07f5-f4fc-4d14-8111-26847314eb66
[ 2025-11-17 20:51:47,404 ] 1126 sqlalchemy.engine.Engine - INFO - ROLLBACK
[ 2025-11-17 20:51:50,660 ] 1094 sqlalchemy.engine.Engine - INFO - BEGIN (implicit)
[ 2025-11-17 20:51:50,661 ] 1899 sqlalchemy.engine.Engine - INFO - SELECT "Github_table".id AS "Github_table_id", "Github_table".task_id AS "Github_table_task_id", "Github_table".status AS "Github_table_status", "Github_table".result AS "Github_table_result" 
FROM "Github_table" 
WHERE "Github_table".task_id = %(task_id_1)s 
 LIMIT %(param_1)s
[ 2025-11-17 20:51:50,662 ] 1904 sqlalchemy.engine.Engine - INFO - [cached since 336.5s ago] {'task_id_1': '373e07f5-f4fc-4d14-8111-26847314eb66', 'param_1': 1}
[ 2025-11-17 20:51:51,101 ] 67 root - INFO - Task retrieved with ID: 373e07f5-f4fc-4d14-8111-26847314eb66
[ 2025-11-17 20:51:51,103 ] 1126 sqlalchemy.engine.Engine - INFO - ROLLBACK
[ 2025-11-17 20:51:54,292 ] 1094 sqlalchemy.engine.Engine - INFO - BEGIN (implicit)
[ 2025-11-17 20:51:54,293 ] 1899 sqlalchemy.engine.Engine - INFO - SELECT "Github_table".id AS "Github_table_id", "Github_table".task_id AS "Github_table_task_id", "Github_table".status AS "Github_table_status", "Github_table".result AS "Github_table_result" 
FROM "Github_table" 
WHERE "Github_table".task_id = %(task_id_1)s 
 LIMIT %(param_1)s
[ 2025-11-17 20:51:54,294 ] 1904 sqlalchemy.engine.Engine - INFO - [cached since 340.2s ago] {'task_id_1': '373e07f5-f4fc-4d14-8111-26847314eb66', 'param_1': 1}
[ 2025-11-17 20:51:54,743 ] 67 root - INFO - Task retrieved with ID: 373e07f5-f4fc-4d14-8111-26847314eb66
[ 2025-11-17 20:51:54,748 ] 1126 sqlalchemy.engine.Engine - INFO - ROLLBACK
[ 2025-11-17 20:51:57,909 ] 1094 sqlalchemy.engine.Engine - INFO - BEGIN (implicit)
[ 2025-11-17 20:51:57,910 ] 1899 sqlalchemy.engine.Engine - INFO - SELECT "Github_table".id AS "Github_table_id", "Github_table".task_id AS "Github_table_task_id", "Github_table".status AS "Github_table_status", "Github_table".result AS "Github_table_result" 
FROM "Github_table" 
WHERE "Github_table".task_id = %(task_id_1)s 
 LIMIT %(param_1)s
[ 2025-11-17 20:51:57,910 ] 1904 sqlalchemy.engine.Engine - INFO - [cached since 343.8s ago] {'task_id_1': '373e07f5-f4fc-4d14-8111-26847314eb66', 'param_1': 1}
[ 2025-11-17 20:51:58,376 ] 67 root - INFO - Task retrieved with ID: 373e07f5-f4fc-4d14-8111-26847314eb66
[ 2025-11-17 20:51:58,379 ] 1126 sqlalchemy.engine.Engine - INFO - ROLLBACK
[ 2025-11-17 20:52:01,543 ] 1094 sqlalchemy.engine.Engine - INFO - BEGIN (implicit)
[ 2025-11-17 20:52:01,544 ] 1899 sqlalchemy.engine.Engine - INFO - SELECT "Github_table".id AS "Github_table_id", "Github_table".task_id AS "Github_table_task_id", "Github_table".status AS "Github_table_status", "Github_table".result AS "Github_table_result" 
FROM "Github_table" 
WHERE "Github_table".task_id = %(task_id_1)s 
 LIMIT %(param_1)s
[ 2025-11-17 20:52:01,545 ] 1904 sqlalchemy.engine.Engine - INFO - [cached since 347.4s ago] {'task_id_1': '373e07f5-f4fc-4d14-8111-26847314eb66', 'param_1': 1}
[ 2025-11-17 20:52:02,028 ] 67 root - INFO - Task retrieved with ID: 373e07f5-f4fc-4d14-8111-26847314eb66
[ 2025-11-17 20:52:02,032 ] 1126 sqlalchemy.engine.Engine - INFO - ROLLBACK
[ 2025-11-17 20:52:05,233 ] 1094 sqlalchemy.engine.Engine - INFO - BEGIN (implicit)
[ 2025-11-17 20:52:05,236 ] 1899 sqlalchemy.engine.Engine - INFO - SELECT "Github_table".id AS "Github_table_id", "Github_table".task_id AS "Github_table_task_id", "Github_table".status AS "Github_table_status", "Github_table".result AS "Github_table_result" 
FROM "Github_table" 
WHERE "Github_table".task_id = %(task_id_1)s 
 LIMIT %(param_1)s
[ 2025-11-17 20:52:05,238 ] 1904 sqlalchemy.engine.Engine - INFO - [cached since 351.1s ago] {'task_id_1': '373e07f5-f4fc-4d14-8111-26847314eb66', 'param_1': 1}
[ 2025-11-17 20:52:05,815 ] 67 root - INFO - Task retrieved with ID: 373e07f5-f4fc-4d14-8111-26847314eb66
[ 2025-11-17 20:52:05,819 ] 1126 sqlalchemy.engine.Engine - INFO - ROLLBACK
[ 2025-11-17 20:52:09,089 ] 1094 sqlalchemy.engine.Engine - INFO - BEGIN (implicit)
[ 2025-11-17 20:52:09,091 ] 1899 sqlalchemy.engine.Engine - INFO - SELECT "Github_table".id AS "Github_table_id", "Github_table".task_id AS "Github_table_task_id", "Github_table".status AS "Github_table_status", "Github_table".result AS "Github_table_result" 
FROM "Github_table" 
WHERE "Github_table".task_id = %(task_id_1)s 
 LIMIT %(param_1)s
[ 2025-11-17 20:52:09,091 ] 1904 sqlalchemy.engine.Engine - INFO - [cached since 355s ago] {'task_id_1': '373e07f5-f4fc-4d14-8111-26847314eb66', 'param_1': 1}
[ 2025-11-17 20:52:09,641 ] 67 root - INFO - Task retrieved with ID: 373e07f5-f4fc-4d14-8111-26847314eb66
[ 2025-11-17 20:52:09,644 ] 1126 sqlalchemy.engine.Engine - INFO - ROLLBACK
[ 2025-11-17 20:52:12,835 ] 1094 sqlalchemy.engine.Engine - INFO - BEGIN (implicit)
[ 2025-11-17 20:52:12,836 ] 1899 sqlalchemy.engine.Engine - INFO - SELECT "Github_table".id AS "Github_table_id", "Github_table".task_id AS "Github_table_task_id", "Github_table".status AS "Github_table_status", "Github_table".result AS "Github_table_result" 
FROM "Github_table" 
WHERE "Github_table".task_id = %(task_id_1)s 
 LIMIT %(param_1)s
[ 2025-11-17 20:52:12,837 ] 1904 sqlalchemy.engine.Engine - INFO - [cached since 358.7s ago] {'task_id_1': '373e07f5-f4fc-4d14-8111-26847314eb66', 'param_1': 1}
[ 2025-11-17 20:52:13,319 ] 67 root - INFO - Task retrieved with ID: 373e07f5-f4fc-4d14-8111-26847314eb66
[ 2025-11-17 20:52:13,321 ] 1126 sqlalchemy.engine.Engine - INFO - ROLLBACK
[ 2025-11-17 20:52:16,601 ] 1094 sqlalchemy.engine.Engine - INFO - BEGIN (implicit)
[ 2025-11-17 20:52:16,602 ] 1899 sqlalchemy.engine.Engine - INFO - SELECT "Github_table".id AS "Github_table_id", "Github_table".task_id AS "Github_table_task_id", "Github_table".status AS "Github_table_status", "Github_table".result AS "Github_table_result" 
FROM "Github_table" 
WHERE "Github_table".task_id = %(task_id_1)s 
 LIMIT %(param_1)s
[ 2025-11-17 20:52:16,603 ] 1904 sqlalchemy.engine.Engine - INFO - [cached since 362.5s ago] {'task_id_1': '373e07f5-f4fc-4d14-8111-26847314eb66', 'param_1': 1}
[ 2025-11-17 20:52:17,127 ] 67 root - INFO - Task retrieved with ID: 373e07f5-f4fc-4d14-8111-26847314eb66
[ 2025-11-17 20:52:17,130 ] 1126 sqlalchemy.engine.Engine - INFO - ROLLBACK
[ 2025-11-17 20:52:20,350 ] 1094 sqlalchemy.engine.Engine - INFO - BEGIN (implicit)
[ 2025-11-17 20:52:20,351 ] 1899 sqlalchemy.engine.Engine - INFO - SELECT "Github_table".id AS "Github_table_id", "Github_table".task_id AS "Github_table_task_id", "Github_table".status AS "Github_table_status", "Github_table".result AS "Github_table_result" 
FROM "Github_table" 
WHERE "Github_table".task_id = %(task_id_1)s 
 LIMIT %(param_1)s
[ 2025-11-17 20:52:20,352 ] 1904 sqlalchemy.engine.Engine - INFO - [cached since 366.2s ago] {'task_id_1': '373e07f5-f4fc-4d14-8111-26847314eb66', 'param_1': 1}
[ 2025-11-17 20:52:20,851 ] 67 root - INFO - Task retrieved with ID: 373e07f5-f4fc-4d14-8111-26847314eb66
[ 2025-11-17 20:52:20,853 ] 1126 sqlalchemy.engine.Engine - INFO - ROLLBACK
