[ 2025-11-17 20:22:55,111 ] 22 root - INFO - Creating tables (if not already present)...
[ 2025-11-17 20:22:57,736 ] 1899 sqlalchemy.engine.Engine - INFO - select pg_catalog.version()
[ 2025-11-17 20:22:57,737 ] 1904 sqlalchemy.engine.Engine - INFO - [raw sql] {}
[ 2025-11-17 20:22:58,208 ] 1899 sqlalchemy.engine.Engine - INFO - select current_schema()
[ 2025-11-17 20:22:58,209 ] 1904 sqlalchemy.engine.Engine - INFO - [raw sql] {}
[ 2025-11-17 20:22:58,631 ] 1899 sqlalchemy.engine.Engine - INFO - show standard_conforming_strings
[ 2025-11-17 20:22:58,632 ] 1904 sqlalchemy.engine.Engine - INFO - [raw sql] {}
[ 2025-11-17 20:22:59,078 ] 1094 sqlalchemy.engine.Engine - INFO - BEGIN (implicit)
[ 2025-11-17 20:22:59,086 ] 1899 sqlalchemy.engine.Engine - INFO - SELECT pg_catalog.pg_class.relname 
FROM pg_catalog.pg_class JOIN pg_catalog.pg_namespace ON pg_catalog.pg_namespace.oid = pg_catalog.pg_class.relnamespace 
WHERE pg_catalog.pg_class.relname = %(table_name)s AND pg_catalog.pg_class.relkind = ANY (ARRAY[%(param_1)s, %(param_2)s, %(param_3)s, %(param_4)s, %(param_5)s]) AND pg_catalog.pg_table_is_visible(pg_catalog.pg_class.oid) AND pg_catalog.pg_namespace.nspname != %(nspname_1)s
[ 2025-11-17 20:22:59,087 ] 1904 sqlalchemy.engine.Engine - INFO - [generated in 0.00092s] {'table_name': 'Github_table', 'param_1': 'r', 'param_2': 'p', 'param_3': 'f', 'param_4': 'v', 'param_5': 'm', 'nspname_1': 'pg_catalog'}
[ 2025-11-17 20:23:00,184 ] 1899 sqlalchemy.engine.Engine - INFO - SELECT pg_catalog.pg_type.typname 
FROM pg_catalog.pg_type JOIN pg_catalog.pg_namespace ON pg_catalog.pg_namespace.oid = pg_catalog.pg_type.typnamespace 
WHERE pg_catalog.pg_type.typname = %(typname_1)s AND pg_catalog.pg_type_is_visible(pg_catalog.pg_type.oid) AND pg_catalog.pg_namespace.nspname != %(nspname_1)s
[ 2025-11-17 20:23:00,190 ] 1904 sqlalchemy.engine.Engine - INFO - [generated in 0.00660s] {'typname_1': 'status_enum', 'nspname_1': 'pg_catalog'}
[ 2025-11-17 20:23:00,457 ] 1899 sqlalchemy.engine.Engine - INFO - CREATE TYPE status_enum AS ENUM ('pending', 'processing', 'completed', 'failed')
[ 2025-11-17 20:23:00,457 ] 1904 sqlalchemy.engine.Engine - INFO - [no key 0.00069s] {}
[ 2025-11-17 20:23:00,722 ] 1899 sqlalchemy.engine.Engine - INFO - 
CREATE TABLE "Github_table" (
	id SERIAL NOT NULL, 
	task_id VARCHAR(255) NOT NULL, 
	status VARCHAR(50), 
	result TEXT, 
	PRIMARY KEY (id)
)


[ 2025-11-17 20:23:00,723 ] 1904 sqlalchemy.engine.Engine - INFO - [no key 0.00140s] {}
[ 2025-11-17 20:23:00,998 ] 1899 sqlalchemy.engine.Engine - INFO - CREATE INDEX "ix_Github_table_id" ON "Github_table" (id)
[ 2025-11-17 20:23:00,999 ] 1904 sqlalchemy.engine.Engine - INFO - [no key 0.00116s] {}
[ 2025-11-17 20:23:01,259 ] 1143 sqlalchemy.engine.Engine - INFO - COMMIT
[ 2025-11-17 20:23:01,577 ] 24 root - INFO - Tables created successfully.
